Arguments: 
  C:\Program Files\nodejs\node.exe C:\Program Files (x86)\Yarn\bin\yarn.js add babel-plugin-transform-typescript

PATH: 
  C:\repos\AzureUX\IaaSExp\.corext\gen\InPath;C:\Users\v-samkur\AppData\Local\devconsole\pkgs\DevConsole.Commandline\5.1.49;C:\CxCache\OneBranch.UCRT.x86.14.0.23615.2\bin\x86;C:\CxCache\DotNetFxGAC.Corext.4.5.4\v4.0.30319;C:\CxCache\.A\Corext.Build.YfEqT4W5xrsJWiVKzET3Zw\InPath;C:\CxCache\RazzleBuildTools.Corext.3.0.1\X86;C:\CxCache\CorextPath1st.OneBranch.1.0.2;C:\CxCache\Corext.Tools.3.0.1\X86;C:\Program Files\Git\cmd\;C:\CxCache\.A\WindowsSdk.Corext.CKL_DD-rQK5q0ltSZtO1Mg\bin\x64;C:\CxCache\.A\WindowsSdk.Corext.CKL_DD-rQK5q0ltSZtO1Mg\bin\x86;C:\CxCache\.A\MsBuild.Corext.p9JsXQjkTxjLc1tK68vqig\Path;C:\CxCache\Corext.Tools.3.0.1\AMD64;C:\CxCache\Corext.Tools.3.0.1\x86;C:\CxCache\Corext.Tools.3.0.1\scripts;C:\CxCache\Perl.Corext.5.10.0.2\x86\bin;C:\CxCache\RazzleBuildTools.Corext.3.0.1\AMD64;C:\CxCache\RazzleBuildTools.Corext.3.0.1\x86;C:\CxCache\RazzleBuildTools.Corext.3.0.1;C:\CxCache\.A\VisualCpp.Corext.BKbw9bhiFWtg3RoVva0zbA\bin\x86;C:\Program Files (x86)\Microsoft SDKs\Azure\CLI2\wbin;C:\Program Files\Common Files\Microsoft Shared\Microsoft Online Services;C:\Program Files (x86)\Common Files\Microsoft Shared\Microsoft Online Services;C:\windows\system32;C:\windows;C:\windows\System32\Wbem;C:\windows\System32\WindowsPowerShell\v1.0\;C:\windows\System32\OpenSSH\;C:\Program Files (x86)\NVIDIA Corporation\PhysX\Common;C:\Program Files\NVIDIA Corporation\NVIDIA NvDLISR;C:\Program Files\dotnet\;C:\Program Files\Git\cmd;C:\Program Files\nodejs\;C:\Program Files\Microsoft SQL Server\Client SDK\ODBC\130\Tools\Binn\;C:\Program Files (x86)\Microsoft SQL Server\140\Tools\Binn\;C:\Program Files\Microsoft SQL Server\140\Tools\Binn\;C:\Program Files\Microsoft SQL Server\140\DTS\Binn\;C:\ProgramData\chocolatey\bin;C:\Program Files\Microsoft SQL Server\130\Tools\Binn\;C:\Program Files\Microsoft SQL Server\Client SDK\ODBC\170\Tools\Binn\;C:\Program Files\Microsoft\Web Platform Installer\;C:\Program Files (x86)\Windows Kits\8.1\Windows Performance Toolkit\;C:\Program Files (x86)\Yarn\bin\;C:\Program Files\PuTTY\;C:\Program Files\Docker\Docker\resources\bin;C:\ProgramData\DockerDesktop\version-bin;C:\Users\v-samkur\AppData\Local\Programs\Python\Python38-32\Scripts\;C:\Users\v-samkur\AppData\Local\Programs\Python\Python38-32\;C:\Users\v-samkur\AppData\Local\Microsoft\WindowsApps;C:\Users\v-samkur\AppData\Roaming\npm;C:\Users\v-samkur\AppData\Local\Programs\Microsoft VS Code;C:\Users\v-samkur\AppData\Local\Yarn\bin;C:\tools\neovim\Neovim\bin;C:\Users\v-samkur\AppData\Local\Programs\Microsoft VS Code\bin;C:\Users\v-samkur\AppData\Local\Programs\Fiddler;C:\Users\v-samkur\AppData\Roaming\npm;C:\Program Files\nodejs\

Yarn version: 
  1.21.1

Node version: 
  10.16.0

Platform: 
  win32 x64

Trace: 
  Error: https://msazure.pkgs.visualstudio.com/_packaging/AzurePortal/npm/registry/babel-plugin-transform-typescript: NotFound
      at Request.params.callback [as _callback] (C:\Program Files (x86)\Yarn\lib\cli.js:66056:18)
      at Request.self.callback (C:\Program Files (x86)\Yarn\lib\cli.js:140665:22)
      at Request.emit (events.js:198:13)
      at Request.<anonymous> (C:\Program Files (x86)\Yarn\lib\cli.js:141637:10)
      at Request.emit (events.js:198:13)
      at IncomingMessage.<anonymous> (C:\Program Files (x86)\Yarn\lib\cli.js:141559:12)
      at Object.onceWrapper (events.js:286:20)
      at IncomingMessage.emit (events.js:203:15)
      at endReadableNT (_stream_readable.js:1129:12)
      at process._tickCallback (internal/process/next_tick.js:63:19)

npm manifest: 
  {
  	"name": "knockout-js-object-wrapper",
  	"displayName": "Knockout.js object wrapper",
  	"description": "Accepts a JavaScript object, and wraps every value with the appropriate KnockoutJS observable",
  	"version": "0.0.1",
  	"engines": {
  		"vscode": "^1.44.0"
  	},
  	"categories": [
  		"Other"
  	],
  	"activationEvents": [
  		"onCommand:extension.kowrap"
  	],
  	"main": "./out/extension.js",
  	"contributes": {
  		"commands": [
  			{
  				"command": "extension.kowrap",
  				"title": "Wrap JavaScript object in Knockout.JS"
  			}
  		]
  	},
  	"scripts": {
  		"vscode:prepublish": "yarn run compile",
  		"compile": "tsc -p ./",
  		"lint": "eslint src --ext ts",
  		"watch": "tsc -watch -p ./",
  		"pretest": "yarn run compile && yarn run lint",
  		"test": "node ./out/test/runTest.js"
  	},
  	"devDependencies": {
  		"@babel/core": "^7.9.0",
  		"@types/glob": "^7.1.1",
  		"@types/mocha": "^7.0.1",
  		"@types/node": "^12.11.7",
  		"@types/vscode": "^1.44.0",
  		"@typescript-eslint/eslint-plugin": "^2.18.0",
  		"@typescript-eslint/parser": "^2.18.0",
  		"eslint": "^6.8.0",
  		"glob": "^7.1.6",
  		"mocha": "^7.0.1",
  		"typescript": "^3.7.5",
  		"vscode-test": "^1.3.0"
  	}
  }

yarn manifest: 
  No manifest

Lockfile: 
  # THIS IS AN AUTOGENERATED FILE. DO NOT EDIT THIS FILE DIRECTLY.
  # yarn lockfile v1
  
  
  "@babel/code-frame@^7.0.0", "@babel/code-frame@^7.8.3":
    version "7.8.3"
    resolved "https://msazure.pkgs.visualstudio.com/_packaging/AzurePortal/npm/registry/@babel/code-frame/-/code-frame-7.8.3.tgz#33e25903d7481181534e12ec0a25f16b6fcf419e"
    integrity sha1-M+JZA9dIEYFTThLsCiXxa2/PQZ4=
    dependencies:
      "@babel/highlight" "^7.8.3"
  
  "@babel/core@^7.9.0":
    version "7.9.0"
    resolved "https://msazure.pkgs.visualstudio.com/_packaging/AzurePortal/npm/registry/@babel/core/-/core-7.9.0.tgz#ac977b538b77e132ff706f3b8a4dbad09c03c56e"
    integrity sha1-rJd7U4t34TL/cG87ik260JwDxW4=
    dependencies:
      "@babel/code-frame" "^7.8.3"
      "@babel/generator" "^7.9.0"
      "@babel/helper-module-transforms" "^7.9.0"
      "@babel/helpers" "^7.9.0"
      "@babel/parser" "^7.9.0"
      "@babel/template" "^7.8.6"
      "@babel/traverse" "^7.9.0"
      "@babel/types" "^7.9.0"
      convert-source-map "^1.7.0"
      debug "^4.1.0"
      gensync "^1.0.0-beta.1"
      json5 "^2.1.2"
      lodash "^4.17.13"
      resolve "^1.3.2"
      semver "^5.4.1"
      source-map "^0.5.0"
  
  "@babel/generator@^7.9.0", "@babel/generator@^7.9.5":
    version "7.9.5"
    resolved "https://msazure.pkgs.visualstudio.com/_packaging/AzurePortal/npm/registry/@babel/generator/-/generator-7.9.5.tgz#27f0917741acc41e6eaaced6d68f96c3fa9afaf9"
    integrity sha1-J/CRd0GsxB5uqs7W1o+Ww/qa+vk=
    dependencies:
      "@babel/types" "^7.9.5"
      jsesc "^2.5.1"
      lodash "^4.17.13"
      source-map "^0.5.0"
  
  "@babel/helper-create-class-features-plugin@^7.8.3":
    version "7.8.6"
    resolved "https://msazure.pkgs.visualstudio.com/_packaging/AzurePortal/npm/registry/@babel/helper-create-class-features-plugin/-/helper-create-class-features-plugin-7.8.6.tgz#243a5b46e2f8f0f674dc1387631eb6b28b851de0"
    integrity sha1-JDpbRuL48PZ03BOHYx62souFHeA=
    dependencies:
      "@babel/helper-function-name" "^7.8.3"
      "@babel/helper-member-expression-to-functions" "^7.8.3"
      "@babel/helper-optimise-call-expression" "^7.8.3"
      "@babel/helper-plugin-utils" "^7.8.3"
      "@babel/helper-replace-supers" "^7.8.6"
      "@babel/helper-split-export-declaration" "^7.8.3"
  
  "@babel/helper-function-name@^7.8.3", "@babel/helper-function-name@^7.9.5":
    version "7.9.5"
    resolved "https://msazure.pkgs.visualstudio.com/_packaging/AzurePortal/npm/registry/@babel/helper-function-name/-/helper-function-name-7.9.5.tgz#2b53820d35275120e1874a82e5aabe1376920a5c"
    integrity sha1-K1OCDTUnUSDhh0qC5aq+E3aSClw=
    dependencies:
      "@babel/helper-get-function-arity" "^7.8.3"
      "@babel/template" "^7.8.3"
      "@babel/types" "^7.9.5"
  
  "@babel/helper-get-function-arity@^7.8.3":
    version "7.8.3"
    resolved "https://msazure.pkgs.visualstudio.com/_packaging/AzurePortal/npm/registry/@babel/helper-get-function-arity/-/helper-get-function-arity-7.8.3.tgz#b894b947bd004381ce63ea1db9f08547e920abd5"
    integrity sha1-uJS5R70AQ4HOY+odufCFR+kgq9U=
    dependencies:
      "@babel/types" "^7.8.3"
  
  "@babel/helper-member-expression-to-functions@^7.8.3":
    version "7.8.3"
    resolved "https://msazure.pkgs.visualstudio.com/_packaging/AzurePortal/npm/registry/@babel/helper-member-expression-to-functions/-/helper-member-expression-to-functions-7.8.3.tgz#659b710498ea6c1d9907e0c73f206eee7dadc24c"
    integrity sha1-ZZtxBJjqbB2ZB+DHPyBu7n2twkw=
    dependencies:
      "@babel/types" "^7.8.3"
  
  "@babel/helper-module-imports@^7.8.3":
    version "7.8.3"
    resolved "https://msazure.pkgs.visualstudio.com/_packaging/AzurePortal/npm/registry/@babel/helper-module-imports/-/helper-module-imports-7.8.3.tgz#7fe39589b39c016331b6b8c3f441e8f0b1419498"
    integrity sha1-f+OVibOcAWMxtrjD9EHo8LFBlJg=
    dependencies:
      "@babel/types" "^7.8.3"
  
  "@babel/helper-module-transforms@^7.9.0":
    version "7.9.0"
    resolved "https://msazure.pkgs.visualstudio.com/_packaging/AzurePortal/npm/registry/@babel/helper-module-transforms/-/helper-module-transforms-7.9.0.tgz#43b34dfe15961918707d247327431388e9fe96e5"
    integrity sha1-Q7NN/hWWGRhwfSRzJ0MTiOn+luU=
    dependencies:
      "@babel/helper-module-imports" "^7.8.3"
      "@babel/helper-replace-supers" "^7.8.6"
      "@babel/helper-simple-access" "^7.8.3"
      "@babel/helper-split-export-declaration" "^7.8.3"
      "@babel/template" "^7.8.6"
      "@babel/types" "^7.9.0"
      lodash "^4.17.13"
  
  "@babel/helper-optimise-call-expression@^7.8.3":
    version "7.8.3"
    resolved "https://msazure.pkgs.visualstudio.com/_packaging/AzurePortal/npm/registry/@babel/helper-optimise-call-expression/-/helper-optimise-call-expression-7.8.3.tgz#7ed071813d09c75298ef4f208956006b6111ecb9"
    integrity sha1-ftBxgT0Jx1KY708giVYAa2ER7Lk=
    dependencies:
      "@babel/types" "^7.8.3"
  
  "@babel/helper-plugin-utils@^7.8.3":
    version "7.8.3"
    resolved "https://msazure.pkgs.visualstudio.com/_packaging/AzurePortal/npm/registry/@babel/helper-plugin-utils/-/helper-plugin-utils-7.8.3.tgz#9ea293be19babc0f52ff8ca88b34c3611b208670"
    integrity sha1-nqKTvhm6vA9S/4yoizTDYRsghnA=
  
  "@babel/helper-replace-supers@^7.8.6":
    version "7.8.6"
    resolved "https://msazure.pkgs.visualstudio.com/_packaging/AzurePortal/npm/registry/@babel/helper-replace-supers/-/helper-replace-supers-7.8.6.tgz#5ada744fd5ad73203bf1d67459a27dcba67effc8"
    integrity sha1-Wtp0T9WtcyA78dZ0WaJ9y6Z+/8g=
    dependencies:
      "@babel/helper-member-expression-to-functions" "^7.8.3"
      "@babel/helper-optimise-call-expression" "^7.8.3"
      "@babel/traverse" "^7.8.6"
      "@babel/types" "^7.8.6"
  
  "@babel/helper-simple-access@^7.8.3":
    version "7.8.3"
    resolved "https://msazure.pkgs.visualstudio.com/_packaging/AzurePortal/npm/registry/@babel/helper-simple-access/-/helper-simple-access-7.8.3.tgz#7f8109928b4dab4654076986af575231deb639ae"
    integrity sha1-f4EJkotNq0ZUB2mGr1dSMd62Oa4=
    dependencies:
      "@babel/template" "^7.8.3"
      "@babel/types" "^7.8.3"
  
  "@babel/helper-split-export-declaration@^7.8.3":
    version "7.8.3"
    resolved "https://msazure.pkgs.visualstudio.com/_packaging/AzurePortal/npm/registry/@babel/helper-split-export-declaration/-/helper-split-export-declaration-7.8.3.tgz#31a9f30070f91368a7182cf05f831781065fc7a9"
    integrity sha1-ManzAHD5E2inGCzwX4MXgQZfx6k=
    dependencies:
      "@babel/types" "^7.8.3"
  
  "@babel/helper-validator-identifier@^7.9.0", "@babel/helper-validator-identifier@^7.9.5":
    version "7.9.5"
    resolved "https://msazure.pkgs.visualstudio.com/_packaging/AzurePortal/npm/registry/@babel/helper-validator-identifier/-/helper-validator-identifier-7.9.5.tgz#90977a8e6fbf6b431a7dc31752eee233bf052d80"
    integrity sha1-kJd6jm+/a0MafcMXUu7iM78FLYA=
  
  "@babel/helpers@^7.9.0":
    version "7.9.2"
    resolved "https://msazure.pkgs.visualstudio.com/_packaging/AzurePortal/npm/registry/@babel/helpers/-/helpers-7.9.2.tgz#b42a81a811f1e7313b88cba8adc66b3d9ae6c09f"
    integrity sha1-tCqBqBHx5zE7iMuorcZrPZrmwJ8=
    dependencies:
      "@babel/template" "^7.8.3"
      "@babel/traverse" "^7.9.0"
      "@babel/types" "^7.9.0"
  
  "@babel/highlight@^7.8.3":
    version "7.9.0"
    resolved "https://msazure.pkgs.visualstudio.com/_packaging/AzurePortal/npm/registry/@babel/highlight/-/highlight-7.9.0.tgz#4e9b45ccb82b79607271b2979ad82c7b68163079"
    integrity sha1-TptFzLgreWBycbKXmtgse2gWMHk=
    dependencies:
      "@babel/helper-validator-identifier" "^7.9.0"
      chalk "^2.0.0"
      js-tokens "^4.0.0"
  
  "@babel/parser@^7.8.6", "@babel/parser@^7.9.0":
    version "7.9.4"
    resolved "https://msazure.pkgs.visualstudio.com/_packaging/AzurePortal/npm/registry/@babel/parser/-/parser-7.9.4.tgz#68a35e6b0319bbc014465be43828300113f2f2e8"
    integrity sha1-aKNeawMZu8AURlvkOCgwARPy8ug=
  
  "@babel/plugin-syntax-typescript@^7.8.3":
    version "7.8.3"
    resolved "https://msazure.pkgs.visualstudio.com/_packaging/AzurePortal/npm/registry/@babel/plugin-syntax-typescript/-/plugin-syntax-typescript-7.8.3.tgz#c1f659dda97711a569cef75275f7e15dcaa6cabc"
    integrity sha1-wfZZ3al3EaVpzvdSdffhXcqmyrw=
    dependencies:
      "@babel/helper-plugin-utils" "^7.8.3"
  
  "@babel/plugin-transform-typescript@^7.9.0":
    version "7.9.0"
    resolved "https://msazure.pkgs.visualstudio.com/_packaging/AzurePortal/npm/registry/@babel/plugin-transform-typescript/-/plugin-transform-typescript-7.9.0.tgz#8b52649c81cb7dee117f760952ab46675a258836"
    integrity sha1-i1JknIHLfe4Rf3YJUqtGZ1oliDY=
    dependencies:
      "@babel/helper-create-class-features-plugin" "^7.8.3"
      "@babel/helper-plugin-utils" "^7.8.3"
      "@babel/plugin-syntax-typescript" "^7.8.3"
  
  "@babel/template@^7.8.3", "@babel/template@^7.8.6":
    version "7.8.6"
    resolved "https://msazure.pkgs.visualstudio.com/_packaging/AzurePortal/npm/registry/@babel/template/-/template-7.8.6.tgz#86b22af15f828dfb086474f964dcc3e39c43ce2b"
    integrity sha1-hrIq8V+CjfsIZHT5ZNzD45xDzis=
    dependencies:
      "@babel/code-frame" "^7.8.3"
      "@babel/parser" "^7.8.6"
      "@babel/types" "^7.8.6"
  
  "@babel/traverse@^7.8.6", "@babel/traverse@^7.9.0":
    version "7.9.5"
    resolved "https://msazure.pkgs.visualstudio.com/_packaging/AzurePortal/npm/registry/@babel/traverse/-/traverse-7.9.5.tgz#6e7c56b44e2ac7011a948c21e283ddd9d9db97a2"
    integrity sha1-bnxWtE4qxwEalIwh4oPd2dnbl6I=
    dependencies:
      "@babel/code-frame" "^7.8.3"
      "@babel/generator" "^7.9.5"
      "@babel/helper-function-name" "^7.9.5"
      "@babel/helper-split-export-declaration" "^7.8.3"
      "@babel/parser" "^7.9.0"
      "@babel/types" "^7.9.5"
      debug "^4.1.0"
      globals "^11.1.0"
      lodash "^4.17.13"
  
  "@babel/types@^7.8.3", "@babel/types@^7.8.6", "@babel/types@^7.9.0", "@babel/types@^7.9.5":
    version "7.9.5"
    resolved "https://msazure.pkgs.visualstudio.com/_packaging/AzurePortal/npm/registry/@babel/types/-/types-7.9.5.tgz#89231f82915a8a566a703b3b20133f73da6b9444"
    integrity sha1-iSMfgpFailZqcDs7IBM/c9prlEQ=
    dependencies:
      "@babel/helper-validator-identifier" "^7.9.5"
      lodash "^4.17.13"
      to-fast-properties "^2.0.0"
  
  "@types/color-name@^1.1.1":
    version "1.1.1"
    resolved "https://msazure.pkgs.visualstudio.com/_packaging/AzurePortal/npm/registry/@types/color-name/-/color-name-1.1.1.tgz#1c1261bbeaa10a8055bbc5d8ab84b7b2afc846a0"
    integrity sha1-HBJhu+qhCoBVu8XYq4S3sq/IRqA=
  
  "@types/eslint-visitor-keys@^1.0.0":
    version "1.0.0"
    resolved "https://msazure.pkgs.visualstudio.com/_packaging/AzurePortal/npm/registry/@types/eslint-visitor-keys/-/eslint-visitor-keys-1.0.0.tgz#1ee30d79544ca84d68d4b3cdb0af4f205663dd2d"
    integrity sha1-HuMNeVRMqE1o1LPNsK9PIFZj3S0=
  
  "@types/events@*":
    version "3.0.0"
    resolved "https://msazure.pkgs.visualstudio.com/_packaging/AzurePortal/npm/registry/@types/events/-/events-3.0.0.tgz#2862f3f58a9a7f7c3e78d79f130dd4d71c25c2a7"
    integrity sha1-KGLz9Yqaf3w+eNefEw3U1xwlwqc=
  
  "@types/glob@^7.1.1":
    version "7.1.1"
    resolved "https://msazure.pkgs.visualstudio.com/_packaging/AzurePortal/npm/registry/@types/glob/-/glob-7.1.1.tgz#aa59a1c6e3fbc421e07ccd31a944c30eba521575"
    integrity sha1-qlmhxuP7xCHgfM0xqUTDDrpSFXU=
    dependencies:
      "@types/events" "*"
      "@types/minimatch" "*"
      "@types/node" "*"
  
  "@types/json-schema@^7.0.3":
    version "7.0.4"
    resolved "https://msazure.pkgs.visualstudio.com/_packaging/AzurePortal/npm/registry/@types/json-schema/-/json-schema-7.0.4.tgz#38fd73ddfd9b55abb1e1b2ed578cb55bd7b7d339"
    integrity sha1-OP1z3f2bVaux4bLtV4y1W9e30zk=
  
  "@types/minimatch@*":
    version "3.0.3"
    resolved "https://msazure.pkgs.visualstudio.com/_packaging/AzurePortal/npm/registry/@types/minimatch/-/minimatch-3.0.3.tgz#3dca0e3f33b200fc7d1139c0cd96c1268cadfd9d"
    integrity sha1-PcoOPzOyAPx9ETnAzZbBJoyt/Z0=
  
  "@types/mocha@^7.0.1":
    version "7.0.2"
    resolved "https://msazure.pkgs.visualstudio.com/_packaging/AzurePortal/npm/registry/@types/mocha/-/mocha-7.0.2.tgz#b17f16cf933597e10d6d78eae3251e692ce8b0ce"
    integrity sha1-sX8Wz5M1l+ENbXjq4yUeaSzosM4=
  
  "@types/node@*":
    version "13.13.1"
    resolved "https://msazure.pkgs.visualstudio.com/_packaging/AzurePortal/npm/registry/@types/node/-/node-13.13.1.tgz#1ba94c5a177a1692518bfc7b41aec0aa1a14354e"
    integrity sha1-G6lMWhd6FpJRi/x7Qa7AqhoUNU4=
  
  "@types/node@^12.11.7":
    version "12.12.34"
    resolved "https://msazure.pkgs.visualstudio.com/_packaging/AzurePortal/npm/registry/@types/node/-/node-12.12.34.tgz#0a5d6ae5d22612f0cf5f10320e1fc5d2a745dcb8"
    integrity sha1-Cl1q5dImEvDPXxAyDh/F0qdF3Lg=
  
  "@types/vscode@^1.44.0":
    version "1.42.0"
    resolved "https://msazure.pkgs.visualstudio.com/_packaging/AzurePortal/npm/registry/@types/vscode/-/vscode-1.42.0.tgz#0ad891a9487e91e34be7c56985058a179031eb76"
    integrity sha1-CtiRqUh+keNL58VphQWKF5Ax63Y=
  
  "@typescript-eslint/eslint-plugin@^2.18.0":
    version "2.29.0"
    resolved "https://msazure.pkgs.visualstudio.com/_packaging/AzurePortal/npm/registry/@typescript-eslint/eslint-plugin/-/eslint-plugin-2.29.0.tgz#c9efab7624e3dd6d144a0e4577a541d1bd42c2ac"
    integrity sha1-ye+rdiTj3W0USg5Fd6VB0b1Cwqw=
    dependencies:
      "@typescript-eslint/experimental-utils" "2.29.0"
      functional-red-black-tree "^1.0.1"
      regexpp "^3.0.0"
      tsutils "^3.17.1"
  
  "@typescript-eslint/experimental-utils@2.29.0":
    version "2.29.0"
    resolved "https://msazure.pkgs.visualstudio.com/_packaging/AzurePortal/npm/registry/@typescript-eslint/experimental-utils/-/experimental-utils-2.29.0.tgz#3cb8060de9265ba131625a96bbfec31ba6d4a0fe"
    integrity sha1-PLgGDekmW6ExYlqWu/7DG6bUoP4=
    dependencies:
      "@types/json-schema" "^7.0.3"
      "@typescript-eslint/typescript-estree" "2.29.0"
      eslint-scope "^5.0.0"
      eslint-utils "^2.0.0"
  
  "@typescript-eslint/parser@^2.18.0":
    version "2.29.0"
    resolved "https://msazure.pkgs.visualstudio.com/_packaging/AzurePortal/npm/registry/@typescript-eslint/parser/-/parser-2.29.0.tgz#6e3c4e21ed6393dc05b9d8b47f0b7e731ef21c9c"
    integrity sha1-bjxOIe1jk9wFudi0fwt+cx7yHJw=
    dependencies:
      "@types/eslint-visitor-keys" "^1.0.0"
      "@typescript-eslint/experimental-utils" "2.29.0"
      "@typescript-eslint/typescript-estree" "2.29.0"
      eslint-visitor-keys "^1.1.0"
  
  "@typescript-eslint/typescript-estree@2.29.0":
    version "2.29.0"
    resolved "https://msazure.pkgs.visualstudio.com/_packaging/AzurePortal/npm/registry/@typescript-eslint/typescript-estree/-/typescript-estree-2.29.0.tgz#1be6612bb02fc37ac9f466521c1459a4744e8d3a"
    integrity sha1-G+ZhK7Avw3rJ9GZSHBRZpHROjTo=
    dependencies:
      debug "^4.1.1"
      eslint-visitor-keys "^1.1.0"
      glob "^7.1.6"
      is-glob "^4.0.1"
      lodash "^4.17.15"
      semver "^6.3.0"
      tsutils "^3.17.1"
  
  acorn-jsx@^5.2.0:
    version "5.2.0"
    resolved "https://msazure.pkgs.visualstudio.com/_packaging/AzurePortal/npm/registry/acorn-jsx/-/acorn-jsx-5.2.0.tgz#4c66069173d6fdd68ed85239fc256226182b2ebe"
    integrity sha1-TGYGkXPW/daO2FI5/CViJhgrLr4=
  
  acorn@^7.1.1:
    version "7.1.1"
    resolved "https://msazure.pkgs.visualstudio.com/_packaging/AzurePortal/npm/registry/acorn/-/acorn-7.1.1.tgz#e35668de0b402f359de515c5482a1ab9f89a69bf"
    integrity sha1-41Zo3gtALzWd5RXFSCoaufiaab8=
  
  agent-base@4, agent-base@^4.3.0:
    version "4.3.0"
    resolved "https://msazure.pkgs.visualstudio.com/_packaging/AzurePortal/npm/registry/agent-base/-/agent-base-4.3.0.tgz#8165f01c436009bccad0b1d122f05ed770efc6ee"
    integrity sha1-gWXwHENgCbzK0LHRIvBe13Dvxu4=
    dependencies:
      es6-promisify "^5.0.0"
  
  ajv@^6.10.0, ajv@^6.10.2:
    version "6.12.2"
    resolved "https://msazure.pkgs.visualstudio.com/_packaging/AzurePortal/npm/registry/ajv/-/ajv-6.12.2.tgz#c629c5eced17baf314437918d2da88c99d5958cd"
    integrity sha1-xinF7O0XuvMUQ3kY0tqIyZ1ZWM0=
    dependencies:
      fast-deep-equal "^3.1.1"
      fast-json-stable-stringify "^2.0.0"
      json-schema-traverse "^0.4.1"
      uri-js "^4.2.2"
  
  ansi-colors@3.2.3:
    version "3.2.3"
    resolved "https://msazure.pkgs.visualstudio.com/_packaging/AzurePortal/npm/registry/ansi-colors/-/ansi-colors-3.2.3.tgz#57d35b8686e851e2cc04c403f1c00203976a1813"
    integrity sha1-V9NbhoboUeLMBMQD8cACA5dqGBM=
  
  ansi-escapes@^4.2.1:
    version "4.3.1"
    resolved "https://msazure.pkgs.visualstudio.com/_packaging/AzurePortal/npm/registry/ansi-escapes/-/ansi-escapes-4.3.1.tgz#a5c47cc43181f1f38ffd7076837700d395522a61"
    integrity sha1-pcR8xDGB8fOP/XB2g3cA05VSKmE=
    dependencies:
      type-fest "^0.11.0"
  
  ansi-regex@^3.0.0:
    version "3.0.0"
    resolved "https://msazure.pkgs.visualstudio.com/_packaging/AzurePortal/npm/registry/ansi-regex/-/ansi-regex-3.0.0.tgz#ed0317c322064f79466c02966bddb605ab37d998"
    integrity sha1-7QMXwyIGT3lGbAKWa922Bas32Zg=
  
  ansi-regex@^4.1.0:
    version "4.1.0"
    resolved "https://msazure.pkgs.visualstudio.com/_packaging/AzurePortal/npm/registry/ansi-regex/-/ansi-regex-4.1.0.tgz#8b9f8f08cf1acb843756a839ca8c7e3168c51997"
    integrity sha1-i5+PCM8ay4Q3Vqg5yox+MWjFGZc=
  
  ansi-regex@^5.0.0:
    version "5.0.0"
    resolved "https://msazure.pkgs.visualstudio.com/_packaging/AzurePortal/npm/registry/ansi-regex/-/ansi-regex-5.0.0.tgz#388539f55179bf39339c81af30a654d69f87cb75"
    integrity sha1-OIU59VF5vzkznIGvMKZU1p+Hy3U=
  
  ansi-styles@^3.2.0, ansi-styles@^3.2.1:
    version "3.2.1"
    resolved "https://msazure.pkgs.visualstudio.com/_packaging/AzurePortal/npm/registry/ansi-styles/-/ansi-styles-3.2.1.tgz#41fbb20243e50b12be0f04b8dedbf07520ce841d"
    integrity sha1-QfuyAkPlCxK+DwS43tvwdSDOhB0=
    dependencies:
      color-convert "^1.9.0"
  
  ansi-styles@^4.1.0:
    version "4.2.1"
    resolved "https://msazure.pkgs.visualstudio.com/_packaging/AzurePortal/npm/registry/ansi-styles/-/ansi-styles-4.2.1.tgz#90ae75c424d008d2624c5bf29ead3177ebfcf359"
    integrity sha1-kK51xCTQCNJiTFvynq0xd+v881k=
    dependencies:
      "@types/color-name" "^1.1.1"
      color-convert "^2.0.1"
  
  anymatch@~3.1.1:
    version "3.1.1"
    resolved "https://msazure.pkgs.visualstudio.com/_packaging/AzurePortal/npm/registry/anymatch/-/anymatch-3.1.1.tgz#c55ecf02185e2469259399310c173ce31233b142"
    integrity sha1-xV7PAhheJGklk5kxDBc84xIzsUI=
    dependencies:
      normalize-path "^3.0.0"
      picomatch "^2.0.4"
  
  argparse@^1.0.7:
    version "1.0.10"
    resolved "https://msazure.pkgs.visualstudio.com/_packaging/AzurePortal/npm/registry/argparse/-/argparse-1.0.10.tgz#bcd6791ea5ae09725e17e5ad988134cd40b3d911"
    integrity sha1-vNZ5HqWuCXJeF+WtmIE0zUCz2RE=
    dependencies:
      sprintf-js "~1.0.2"
  
  astral-regex@^1.0.0:
    version "1.0.0"
    resolved "https://msazure.pkgs.visualstudio.com/_packaging/AzurePortal/npm/registry/astral-regex/-/astral-regex-1.0.0.tgz#6c8c3fb827dd43ee3918f27b82782ab7658a6fd9"
    integrity sha1-bIw/uCfdQ+45GPJ7gngqt2WKb9k=
  
  balanced-match@^1.0.0:
    version "1.0.0"
    resolved "https://msazure.pkgs.visualstudio.com/_packaging/AzurePortal/npm/registry/balanced-match/-/balanced-match-1.0.0.tgz#89b4d199ab2bee49de164ea02b89ce462d71b767"
    integrity sha1-ibTRmasr7kneFk6gK4nORi1xt2c=
  
  binary-extensions@^2.0.0:
    version "2.0.0"
    resolved "https://msazure.pkgs.visualstudio.com/_packaging/AzurePortal/npm/registry/binary-extensions/-/binary-extensions-2.0.0.tgz#23c0df14f6a88077f5f986c0d167ec03c3d5537c"
    integrity sha1-I8DfFPaogHf1+YbA0WfsA8PVU3w=
  
  brace-expansion@^1.1.7:
    version "1.1.11"
    resolved "https://msazure.pkgs.visualstudio.com/_packaging/AzurePortal/npm/registry/brace-expansion/-/brace-expansion-1.1.11.tgz#3c7fcbf529d87226f3d2f52b966ff5271eb441dd"
    integrity sha1-PH/L9SnYcibz0vUrlm/1Jx60Qd0=
    dependencies:
      balanced-match "^1.0.0"
      concat-map "0.0.1"
  
  braces@~3.0.2:
    version "3.0.2"
    resolved "https://msazure.pkgs.visualstudio.com/_packaging/AzurePortal/npm/registry/braces/-/braces-3.0.2.tgz#3454e1a462ee8d599e236df336cd9ea4f8afe107"
    integrity sha1-NFThpGLujVmeI23zNs2epPiv4Qc=
    dependencies:
      fill-range "^7.0.1"
  
  browser-stdout@1.3.1:
    version "1.3.1"
    resolved "https://msazure.pkgs.visualstudio.com/_packaging/AzurePortal/npm/registry/browser-stdout/-/browser-stdout-1.3.1.tgz#baa559ee14ced73452229bad7326467c61fabd60"
    integrity sha1-uqVZ7hTO1zRSIputcyZGfGH6vWA=
  
  callsites@^3.0.0:
    version "3.1.0"
    resolved "https://msazure.pkgs.visualstudio.com/_packaging/AzurePortal/npm/registry/callsites/-/callsites-3.1.0.tgz#b3630abd8943432f54b3f0519238e33cd7df2f73"
    integrity sha1-s2MKvYlDQy9Us/BRkjjjPNffL3M=
  
  camelcase@^5.0.0:
    version "5.3.1"
    resolved "https://msazure.pkgs.visualstudio.com/_packaging/AzurePortal/npm/registry/camelcase/-/camelcase-5.3.1.tgz#e3c9b31569e106811df242f715725a1f4c494320"
    integrity sha1-48mzFWnhBoEd8kL3FXJaH0xJQyA=
  
  chalk@^2.0.0, chalk@^2.1.0, chalk@^2.4.2:
    version "2.4.2"
    resolved "https://msazure.pkgs.visualstudio.com/_packaging/AzurePortal/npm/registry/chalk/-/chalk-2.4.2.tgz#cd42541677a54333cf541a49108c1432b44c9424"
    integrity sha1-zUJUFnelQzPPVBpJEIwUMrRMlCQ=
    dependencies:
      ansi-styles "^3.2.1"
      escape-string-regexp "^1.0.5"
      supports-color "^5.3.0"
  
  chalk@^3.0.0:
    version "3.0.0"
    resolved "https://msazure.pkgs.visualstudio.com/_packaging/AzurePortal/npm/registry/chalk/-/chalk-3.0.0.tgz#3f73c2bf526591f574cc492c51e2456349f844e4"
    integrity sha1-P3PCv1JlkfV0zEksUeJFY0n4ROQ=
    dependencies:
      ansi-styles "^4.1.0"
      supports-color "^7.1.0"
  
  chardet@^0.7.0:
    version "0.7.0"
    resolved "https://msazure.pkgs.visualstudio.com/_packaging/AzurePortal/npm/registry/chardet/-/chardet-0.7.0.tgz#90094849f0937f2eedc2425d0d28a9e5f0cbad9e"
    integrity sha1-kAlISfCTfy7twkJdDSip5fDLrZ4=
  
  chokidar@3.3.0:
    version "3.3.0"
    resolved "https://msazure.pkgs.visualstudio.com/_packaging/AzurePortal/npm/registry/chokidar/-/chokidar-3.3.0.tgz#12c0714668c55800f659e262d4962a97faf554a6"
    integrity sha1-EsBxRmjFWAD2WeJi1JYql/r1VKY=
    dependencies:
      anymatch "~3.1.1"
      braces "~3.0.2"
      glob-parent "~5.1.0"
      is-binary-path "~2.1.0"
      is-glob "~4.0.1"
      normalize-path "~3.0.0"
      readdirp "~3.2.0"
    optionalDependencies:
      fsevents "~2.1.1"
  
  cli-cursor@^3.1.0:
    version "3.1.0"
    resolved "https://msazure.pkgs.visualstudio.com/_packaging/AzurePortal/npm/registry/cli-cursor/-/cli-cursor-3.1.0.tgz#264305a7ae490d1d03bf0c9ba7c925d1753af307"
    integrity sha1-JkMFp65JDR0Dvwybp8kl0XU68wc=
    dependencies:
      restore-cursor "^3.1.0"
  
  cli-width@^2.0.0:
    version "2.2.1"
    resolved "https://msazure.pkgs.visualstudio.com/_packaging/AzurePortal/npm/registry/cli-width/-/cli-width-2.2.1.tgz#b0433d0b4e9c847ef18868a4ef16fd5fc8271c48"
    integrity sha1-sEM9C06chH7xiGik7xb9X8gnHEg=
  
  cliui@^5.0.0:
    version "5.0.0"
    resolved "https://msazure.pkgs.visualstudio.com/_packaging/AzurePortal/npm/registry/cliui/-/cliui-5.0.0.tgz#deefcfdb2e800784aa34f46fa08e06851c7bbbc5"
    integrity sha1-3u/P2y6AB4SqNPRvoI4GhRx7u8U=
    dependencies:
      string-width "^3.1.0"
      strip-ansi "^5.2.0"
      wrap-ansi "^5.1.0"
  
  color-convert@^1.9.0:
    version "1.9.3"
    resolved "https://msazure.pkgs.visualstudio.com/_packaging/AzurePortal/npm/registry/color-convert/-/color-convert-1.9.3.tgz#bb71850690e1f136567de629d2d5471deda4c1e8"
    integrity sha1-u3GFBpDh8TZWfeYp0tVHHe2kweg=
    dependencies:
      color-name "1.1.3"
  
  color-convert@^2.0.1:
    version "2.0.1"
    resolved "https://msazure.pkgs.visualstudio.com/_packaging/AzurePortal/npm/registry/color-convert/-/color-convert-2.0.1.tgz#72d3a68d598c9bdb3af2ad1e84f21d896abd4de3"
    integrity sha1-ctOmjVmMm9s68q0ehPIdiWq9TeM=
    dependencies:
      color-name "~1.1.4"
  
  color-name@1.1.3:
    version "1.1.3"
    resolved "https://msazure.pkgs.visualstudio.com/_packaging/AzurePortal/npm/registry/color-name/-/color-name-1.1.3.tgz#a7d0558bd89c42f795dd42328f740831ca53bc25"
    integrity sha1-p9BVi9icQveV3UIyj3QIMcpTvCU=
  
  color-name@~1.1.4:
    version "1.1.4"
    resolved "https://msazure.pkgs.visualstudio.com/_packaging/AzurePortal/npm/registry/color-name/-/color-name-1.1.4.tgz#c2a09a87acbde69543de6f63fa3995c826c536a2"
    integrity sha1-wqCah6y95pVD3m9j+jmVyCbFNqI=
  
  concat-map@0.0.1:
    version "0.0.1"
    resolved "https://msazure.pkgs.visualstudio.com/_packaging/AzurePortal/npm/registry/concat-map/-/concat-map-0.0.1.tgz#d8a96bd77fd68df7793a73036a3ba0d5405d477b"
    integrity sha1-2Klr13/Wjfd5OnMDajug1UBdR3s=
  
  convert-source-map@^1.7.0:
    version "1.7.0"
    resolved "https://msazure.pkgs.visualstudio.com/_packaging/AzurePortal/npm/registry/convert-source-map/-/convert-source-map-1.7.0.tgz#17a2cb882d7f77d3490585e2ce6c524424a3a442"
    integrity sha1-F6LLiC1/d9NJBYXizmxSRCSjpEI=
    dependencies:
      safe-buffer "~5.1.1"
  
  cross-spawn@^6.0.5:
    version "6.0.5"
    resolved "https://msazure.pkgs.visualstudio.com/_packaging/AzurePortal/npm/registry/cross-spawn/-/cross-spawn-6.0.5.tgz#4a5ec7c64dfae22c3a14124dbacdee846d80cbc4"
    integrity sha1-Sl7Hxk364iw6FBJNus3uhG2Ay8Q=
    dependencies:
      nice-try "^1.0.4"
      path-key "^2.0.1"
      semver "^5.5.0"
      shebang-command "^1.2.0"
      which "^1.2.9"
  
  debug@3.1.0:
    version "3.1.0"
    resolved "https://msazure.pkgs.visualstudio.com/_packaging/AzurePortal/npm/registry/debug/-/debug-3.1.0.tgz#5bb5a0672628b64149566ba16819e61518c67261"
    integrity sha1-W7WgZyYotkFJVmuhaBnmFRjGcmE=
    dependencies:
      ms "2.0.0"
  
  debug@3.2.6, debug@^3.1.0:
    version "3.2.6"
    resolved "https://msazure.pkgs.visualstudio.com/_packaging/AzurePortal/npm/registry/debug/-/debug-3.2.6.tgz#e83d17de16d8a7efb7717edbe5fb10135eee629b"
    integrity sha1-6D0X3hbYp++3cX7b5fsQE17uYps=
    dependencies:
      ms "^2.1.1"
  
  debug@^4.0.1, debug@^4.1.0, debug@^4.1.1:
    version "4.1.1"
    resolved "https://msazure.pkgs.visualstudio.com/_packaging/AzurePortal/npm/registry/debug/-/debug-4.1.1.tgz#3b72260255109c6b589cee050f1d516139664791"
    integrity sha1-O3ImAlUQnGtYnO4FDx1RYTlmR5E=
    dependencies:
      ms "^2.1.1"
  
  decamelize@^1.2.0:
    version "1.2.0"
    resolved "https://msazure.pkgs.visualstudio.com/_packaging/AzurePortal/npm/registry/decamelize/-/decamelize-1.2.0.tgz#f6534d15148269b20352e7bee26f501f9a191290"
    integrity sha1-9lNNFRSCabIDUue+4m9QH5oZEpA=
  
  deep-is@~0.1.3:
    version "0.1.3"
    resolved "https://msazure.pkgs.visualstudio.com/_packaging/AzurePortal/npm/registry/deep-is/-/deep-is-0.1.3.tgz#b369d6fb5dbc13eecf524f91b070feedc357cf34"
    integrity sha1-s2nW+128E+7PUk+RsHD+7cNXzzQ=
  
  define-properties@^1.1.2, define-properties@^1.1.3:
    version "1.1.3"
    resolved "https://msazure.pkgs.visualstudio.com/_packaging/AzurePortal/npm/registry/define-properties/-/define-properties-1.1.3.tgz#cf88da6cbee26fe6db7094f61d870cbd84cee9f1"
    integrity sha1-z4jabL7ib+bbcJT2HYcMvYTO6fE=
    dependencies:
      object-keys "^1.0.12"
  
  diff@3.5.0:
    version "3.5.0"
    resolved "https://msazure.pkgs.visualstudio.com/_packaging/AzurePortal/npm/registry/diff/-/diff-3.5.0.tgz#800c0dd1e0a8bfbc95835c202ad220fe317e5a12"
    integrity sha1-gAwN0eCov7yVg1wgKtIg/jF+WhI=
  
  doctrine@^3.0.0:
    version "3.0.0"
    resolved "https://msazure.pkgs.visualstudio.com/_packaging/AzurePortal/npm/registry/doctrine/-/doctrine-3.0.0.tgz#addebead72a6574db783639dc87a121773973961"
    integrity sha1-rd6+rXKmV023g2OdyHoSF3OXOWE=
    dependencies:
      esutils "^2.0.2"
  
  emoji-regex@^7.0.1:
    version "7.0.3"
    resolved "https://msazure.pkgs.visualstudio.com/_packaging/AzurePortal/npm/registry/emoji-regex/-/emoji-regex-7.0.3.tgz#933a04052860c85e83c122479c4748a8e4c72156"
    integrity sha1-kzoEBShgyF6DwSJHnEdIqOTHIVY=
  
  emoji-regex@^8.0.0:
    version "8.0.0"
    resolved "https://msazure.pkgs.visualstudio.com/_packaging/AzurePortal/npm/registry/emoji-regex/-/emoji-regex-8.0.0.tgz#e818fd69ce5ccfcb404594f842963bf53164cc37"
    integrity sha1-6Bj9ac5cz8tARZT4QpY79TFkzDc=
  
  es-abstract@^1.17.0-next.1, es-abstract@^1.17.5:
    version "1.17.5"
    resolved "https://msazure.pkgs.visualstudio.com/_packaging/AzurePortal/npm/registry/es-abstract/-/es-abstract-1.17.5.tgz#d8c9d1d66c8981fb9200e2251d799eee92774ae9"
    integrity sha1-2MnR1myJgfuSAOIlHXme7pJ3Suk=
    dependencies:
      es-to-primitive "^1.2.1"
      function-bind "^1.1.1"
      has "^1.0.3"
      has-symbols "^1.0.1"
      is-callable "^1.1.5"
      is-regex "^1.0.5"
      object-inspect "^1.7.0"
      object-keys "^1.1.1"
      object.assign "^4.1.0"
      string.prototype.trimleft "^2.1.1"
      string.prototype.trimright "^2.1.1"
  
  es-to-primitive@^1.2.1:
    version "1.2.1"
    resolved "https://msazure.pkgs.visualstudio.com/_packaging/AzurePortal/npm/registry/es-to-primitive/-/es-to-primitive-1.2.1.tgz#e55cd4c9cdc188bcefb03b366c736323fc5c898a"
    integrity sha1-5VzUyc3BiLzvsDs2bHNjI/xciYo=
    dependencies:
      is-callable "^1.1.4"
      is-date-object "^1.0.1"
      is-symbol "^1.0.2"
  
  es6-promise@^4.0.3:
    version "4.2.8"
    resolved "https://msazure.pkgs.visualstudio.com/_packaging/AzurePortal/npm/registry/es6-promise/-/es6-promise-4.2.8.tgz#4eb21594c972bc40553d276e510539143db53e0a"
    integrity sha1-TrIVlMlyvEBVPSduUQU5FD21Pgo=
  
  es6-promisify@^5.0.0:
    version "5.0.0"
    resolved "https://msazure.pkgs.visualstudio.com/_packaging/AzurePortal/npm/registry/es6-promisify/-/es6-promisify-5.0.0.tgz#5109d62f3e56ea967c4b63505aef08291c8a5203"
    integrity sha1-UQnWLz5W6pZ8S2NQWu8IKRyKUgM=
    dependencies:
      es6-promise "^4.0.3"
  
  escape-string-regexp@1.0.5, escape-string-regexp@^1.0.5:
    version "1.0.5"
    resolved "https://msazure.pkgs.visualstudio.com/_packaging/AzurePortal/npm/registry/escape-string-regexp/-/escape-string-regexp-1.0.5.tgz#1b61c0562190a8dff6ae3bb2cf0200ca130b86d4"
    integrity sha1-G2HAViGQqN/2rjuyzwIAyhMLhtQ=
  
  eslint-scope@^5.0.0:
    version "5.0.0"
    resolved "https://msazure.pkgs.visualstudio.com/_packaging/AzurePortal/npm/registry/eslint-scope/-/eslint-scope-5.0.0.tgz#e87c8887c73e8d1ec84f1ca591645c358bfc8fb9"
    integrity sha1-6HyIh8c+jR7ITxylkWRcNYv8j7k=
    dependencies:
      esrecurse "^4.1.0"
      estraverse "^4.1.1"
  
  eslint-utils@^1.4.3:
    version "1.4.3"
    resolved "https://msazure.pkgs.visualstudio.com/_packaging/AzurePortal/npm/registry/eslint-utils/-/eslint-utils-1.4.3.tgz#74fec7c54d0776b6f67e0251040b5806564e981f"
    integrity sha1-dP7HxU0Hdrb2fgJRBAtYBlZOmB8=
    dependencies:
      eslint-visitor-keys "^1.1.0"
  
  eslint-utils@^2.0.0:
    version "2.0.0"
    resolved "https://msazure.pkgs.visualstudio.com/_packaging/AzurePortal/npm/registry/eslint-utils/-/eslint-utils-2.0.0.tgz#7be1cc70f27a72a76cd14aa698bcabed6890e1cd"
    integrity sha1-e+HMcPJ6cqds0UqmmLyr7WiQ4c0=
    dependencies:
      eslint-visitor-keys "^1.1.0"
  
  eslint-visitor-keys@^1.1.0:
    version "1.1.0"
    resolved "https://msazure.pkgs.visualstudio.com/_packaging/AzurePortal/npm/registry/eslint-visitor-keys/-/eslint-visitor-keys-1.1.0.tgz#e2a82cea84ff246ad6fb57f9bde5b46621459ec2"
    integrity sha1-4qgs6oT/JGrW+1f5veW0ZiFFnsI=
  
  eslint@^6.8.0:
    version "6.8.0"
    resolved "https://msazure.pkgs.visualstudio.com/_packaging/AzurePortal/npm/registry/eslint/-/eslint-6.8.0.tgz#62262d6729739f9275723824302fb227c8c93ffb"
    integrity sha1-YiYtZylzn5J1cjgkMC+yJ8jJP/s=
    dependencies:
      "@babel/code-frame" "^7.0.0"
      ajv "^6.10.0"
      chalk "^2.1.0"
      cross-spawn "^6.0.5"
      debug "^4.0.1"
      doctrine "^3.0.0"
      eslint-scope "^5.0.0"
      eslint-utils "^1.4.3"
      eslint-visitor-keys "^1.1.0"
      espree "^6.1.2"
      esquery "^1.0.1"
      esutils "^2.0.2"
      file-entry-cache "^5.0.1"
      functional-red-black-tree "^1.0.1"
      glob-parent "^5.0.0"
      globals "^12.1.0"
      ignore "^4.0.6"
      import-fresh "^3.0.0"
      imurmurhash "^0.1.4"
      inquirer "^7.0.0"
      is-glob "^4.0.0"
      js-yaml "^3.13.1"
      json-stable-stringify-without-jsonify "^1.0.1"
      levn "^0.3.0"
      lodash "^4.17.14"
      minimatch "^3.0.4"
      mkdirp "^0.5.1"
      natural-compare "^1.4.0"
      optionator "^0.8.3"
      progress "^2.0.0"
      regexpp "^2.0.1"
      semver "^6.1.2"
      strip-ansi "^5.2.0"
      strip-json-comments "^3.0.1"
      table "^5.2.3"
      text-table "^0.2.0"
      v8-compile-cache "^2.0.3"
  
  espree@^6.1.2:
    version "6.2.1"
    resolved "https://msazure.pkgs.visualstudio.com/_packaging/AzurePortal/npm/registry/espree/-/espree-6.2.1.tgz#77fc72e1fd744a2052c20f38a5b575832e82734a"
    integrity sha1-d/xy4f10SiBSwg84pbV1gy6Cc0o=
    dependencies:
      acorn "^7.1.1"
      acorn-jsx "^5.2.0"
      eslint-visitor-keys "^1.1.0"
  
  esprima@^4.0.0:
    version "4.0.1"
    resolved "https://msazure.pkgs.visualstudio.com/_packaging/AzurePortal/npm/registry/esprima/-/esprima-4.0.1.tgz#13b04cdb3e6c5d19df91ab6987a8695619b0aa71"
    integrity sha1-E7BM2z5sXRnfkatph6hpVhmwqnE=
  
  esquery@^1.0.1:
    version "1.3.1"
    resolved "https://msazure.pkgs.visualstudio.com/_packaging/AzurePortal/npm/registry/esquery/-/esquery-1.3.1.tgz#b78b5828aa8e214e29fb74c4d5b752e1c033da57"
    integrity sha1-t4tYKKqOIU4p+3TE1bdS4cAz2lc=
    dependencies:
      estraverse "^5.1.0"
  
  esrecurse@^4.1.0:
    version "4.2.1"
    resolved "https://msazure.pkgs.visualstudio.com/_packaging/AzurePortal/npm/registry/esrecurse/-/esrecurse-4.2.1.tgz#007a3b9fdbc2b3bb87e4879ea19c92fdbd3942cf"
    integrity sha1-AHo7n9vCs7uH5IeeoZyS/b05Qs8=
    dependencies:
      estraverse "^4.1.0"
  
  estraverse@^4.1.0, estraverse@^4.1.1:
    version "4.3.0"
    resolved "https://msazure.pkgs.visualstudio.com/_packaging/AzurePortal/npm/registry/estraverse/-/estraverse-4.3.0.tgz#398ad3f3c5a24948be7725e83d11a7de28cdbd1d"
    integrity sha1-OYrT88WiSUi+dyXoPRGn3ijNvR0=
  
  estraverse@^5.1.0:
    version "5.1.0"
    resolved "https://msazure.pkgs.visualstudio.com/_packaging/AzurePortal/npm/registry/estraverse/-/estraverse-5.1.0.tgz#374309d39fd935ae500e7b92e8a6b4c720e59642"
    integrity sha1-N0MJ05/ZNa5QDnuS6Ka0xyDllkI=
  
  esutils@^2.0.2:
    version "2.0.3"
    resolved "https://msazure.pkgs.visualstudio.com/_packaging/AzurePortal/npm/registry/esutils/-/esutils-2.0.3.tgz#74d2eb4de0b8da1293711910d50775b9b710ef64"
    integrity sha1-dNLrTeC42hKTcRkQ1Qd1ubcQ72Q=
  
  external-editor@^3.0.3:
    version "3.1.0"
    resolved "https://msazure.pkgs.visualstudio.com/_packaging/AzurePortal/npm/registry/external-editor/-/external-editor-3.1.0.tgz#cb03f740befae03ea4d283caed2741a83f335495"
    integrity sha1-ywP3QL764D6k0oPK7SdBqD8zVJU=
    dependencies:
      chardet "^0.7.0"
      iconv-lite "^0.4.24"
      tmp "^0.0.33"
  
  fast-deep-equal@^3.1.1:
    version "3.1.1"
    resolved "https://msazure.pkgs.visualstudio.com/_packaging/AzurePortal/npm/registry/fast-deep-equal/-/fast-deep-equal-3.1.1.tgz#545145077c501491e33b15ec408c294376e94ae4"
    integrity sha1-VFFFB3xQFJHjOxXsQIwpQ3bpSuQ=
  
  fast-json-stable-stringify@^2.0.0:
    version "2.1.0"
    resolved "https://msazure.pkgs.visualstudio.com/_packaging/AzurePortal/npm/registry/fast-json-stable-stringify/-/fast-json-stable-stringify-2.1.0.tgz#874bf69c6f404c2b5d99c481341399fd55892633"
    integrity sha1-h0v2nG9ATCtdmcSBNBOZ/VWJJjM=
  
  fast-levenshtein@~2.0.6:
    version "2.0.6"
    resolved "https://msazure.pkgs.visualstudio.com/_packaging/AzurePortal/npm/registry/fast-levenshtein/-/fast-levenshtein-2.0.6.tgz#3d8a5c66883a16a30ca8643e851f19baa7797917"
    integrity sha1-PYpcZog6FqMMqGQ+hR8Zuqd5eRc=
  
  figures@^3.0.0:
    version "3.2.0"
    resolved "https://msazure.pkgs.visualstudio.com/_packaging/AzurePortal/npm/registry/figures/-/figures-3.2.0.tgz#625c18bd293c604dc4a8ddb2febf0c88341746af"
    integrity sha1-YlwYvSk8YE3EqN2y/r8MiDQXRq8=
    dependencies:
      escape-string-regexp "^1.0.5"
  
  file-entry-cache@^5.0.1:
    version "5.0.1"
    resolved "https://msazure.pkgs.visualstudio.com/_packaging/AzurePortal/npm/registry/file-entry-cache/-/file-entry-cache-5.0.1.tgz#ca0f6efa6dd3d561333fb14515065c2fafdf439c"
    integrity sha1-yg9u+m3T1WEzP7FFFQZcL6/fQ5w=
    dependencies:
      flat-cache "^2.0.1"
  
  fill-range@^7.0.1:
    version "7.0.1"
    resolved "https://msazure.pkgs.visualstudio.com/_packaging/AzurePortal/npm/registry/fill-range/-/fill-range-7.0.1.tgz#1919a6a7c75fe38b2c7c77e5198535da9acdda40"
    integrity sha1-GRmmp8df44ssfHflGYU12prN2kA=
    dependencies:
      to-regex-range "^5.0.1"
  
  find-up@3.0.0, find-up@^3.0.0:
    version "3.0.0"
    resolved "https://msazure.pkgs.visualstudio.com/_packaging/AzurePortal/npm/registry/find-up/-/find-up-3.0.0.tgz#49169f1d7993430646da61ecc5ae355c21c97b73"
    integrity sha1-SRafHXmTQwZG2mHsxa41XCHJe3M=
    dependencies:
      locate-path "^3.0.0"
  
  flat-cache@^2.0.1:
    version "2.0.1"
    resolved "https://msazure.pkgs.visualstudio.com/_packaging/AzurePortal/npm/registry/flat-cache/-/flat-cache-2.0.1.tgz#5d296d6f04bda44a4630a301413bdbc2ec085ec0"
    integrity sha1-XSltbwS9pEpGMKMBQTvbwuwIXsA=
    dependencies:
      flatted "^2.0.0"
      rimraf "2.6.3"
      write "1.0.3"
  
  flat@^4.1.0:
    version "4.1.0"
    resolved "https://msazure.pkgs.visualstudio.com/_packaging/AzurePortal/npm/registry/flat/-/flat-4.1.0.tgz#090bec8b05e39cba309747f1d588f04dbaf98db2"
    integrity sha1-CQvsiwXjnLowl0fx1YjwTbr5jbI=
    dependencies:
      is-buffer "~2.0.3"
  
  flatted@^2.0.0:
    version "2.0.2"
    resolved "https://msazure.pkgs.visualstudio.com/_packaging/AzurePortal/npm/registry/flatted/-/flatted-2.0.2.tgz#4575b21e2bcee7434aa9be662f4b7b5f9c2b5138"
    integrity sha1-RXWyHivO50NKqb5mL0t7X5wrUTg=
  
  fs.realpath@^1.0.0:
    version "1.0.0"
    resolved "https://msazure.pkgs.visualstudio.com/_packaging/AzurePortal/npm/registry/fs.realpath/-/fs.realpath-1.0.0.tgz#1504ad2523158caa40db4a2787cb01411994ea4f"
    integrity sha1-FQStJSMVjKpA20onh8sBQRmU6k8=
  
  fsevents@~2.1.1:
    version "2.1.2"
    resolved "https://msazure.pkgs.visualstudio.com/_packaging/AzurePortal/npm/registry/fsevents/-/fsevents-2.1.2.tgz#4c0a1fb34bc68e543b4b82a9ec392bfbda840805"
    integrity sha1-TAofs0vGjlQ7S4Kp7Dkr+9qECAU=
  
  function-bind@^1.1.1:
    version "1.1.1"
    resolved "https://msazure.pkgs.visualstudio.com/_packaging/AzurePortal/npm/registry/function-bind/-/function-bind-1.1.1.tgz#a56899d3ea3c9bab874bb9773b7c5ede92f4895d"
    integrity sha1-pWiZ0+o8m6uHS7l3O3xe3pL0iV0=
  
  functional-red-black-tree@^1.0.1:
    version "1.0.1"
    resolved "https://msazure.pkgs.visualstudio.com/_packaging/AzurePortal/npm/registry/functional-red-black-tree/-/functional-red-black-tree-1.0.1.tgz#1b0ab3bd553b2a0d6399d29c0e3ea0b252078327"
    integrity sha1-GwqzvVU7Kg1jmdKcDj6gslIHgyc=
  
  gensync@^1.0.0-beta.1:
    version "1.0.0-beta.1"
    resolved "https://msazure.pkgs.visualstudio.com/_packaging/AzurePortal/npm/registry/gensync/-/gensync-1.0.0-beta.1.tgz#58f4361ff987e5ff6e1e7a210827aa371eaac269"
    integrity sha1-WPQ2H/mH5f9uHnohCCeqNx6qwmk=
  
  get-caller-file@^2.0.1:
    version "2.0.5"
    resolved "https://msazure.pkgs.visualstudio.com/_packaging/AzurePortal/npm/registry/get-caller-file/-/get-caller-file-2.0.5.tgz#4f94412a82db32f36e3b0b9741f8a97feb031f7e"
    integrity sha1-T5RBKoLbMvNuOwuXQfipf+sDH34=
  
  glob-parent@^5.0.0, glob-parent@~5.1.0:
    version "5.1.1"
    resolved "https://msazure.pkgs.visualstudio.com/_packaging/AzurePortal/npm/registry/glob-parent/-/glob-parent-5.1.1.tgz#b6c1ef417c4e5663ea498f1c45afac6916bbc229"
    integrity sha1-tsHvQXxOVmPqSY8cRa+saRa7wik=
    dependencies:
      is-glob "^4.0.1"
  
  glob@7.1.3:
    version "7.1.3"
    resolved "https://msazure.pkgs.visualstudio.com/_packaging/AzurePortal/npm/registry/glob/-/glob-7.1.3.tgz#3960832d3f1574108342dafd3a67b332c0969df1"
    integrity sha1-OWCDLT8VdBCDQtr9OmezMsCWnfE=
    dependencies:
      fs.realpath "^1.0.0"
      inflight "^1.0.4"
      inherits "2"
      minimatch "^3.0.4"
      once "^1.3.0"
      path-is-absolute "^1.0.0"
  
  glob@^7.1.3, glob@^7.1.6:
    version "7.1.6"
    resolved "https://msazure.pkgs.visualstudio.com/_packaging/AzurePortal/npm/registry/glob/-/glob-7.1.6.tgz#141f33b81a7c2492e125594307480c46679278a6"
    integrity sha1-FB8zuBp8JJLhJVlDB0gMRmeSeKY=
    dependencies:
      fs.realpath "^1.0.0"
      inflight "^1.0.4"
      inherits "2"
      minimatch "^3.0.4"
      once "^1.3.0"
      path-is-absolute "^1.0.0"
  
  globals@^11.1.0:
    version "11.12.0"
    resolved "https://msazure.pkgs.visualstudio.com/_packaging/AzurePortal/npm/registry/globals/-/globals-11.12.0.tgz#ab8795338868a0babd8525758018c2a7eb95c42e"
    integrity sha1-q4eVM4hooLq9hSV1gBjCp+uVxC4=
  
  globals@^12.1.0:
    version "12.4.0"
    resolved "https://msazure.pkgs.visualstudio.com/_packaging/AzurePortal/npm/registry/globals/-/globals-12.4.0.tgz#a18813576a41b00a24a97e7f815918c2e19925f8"
    integrity sha1-oYgTV2pBsAokqX5/gVkYwuGZJfg=
    dependencies:
      type-fest "^0.8.1"
  
  growl@1.10.5:
    version "1.10.5"
    resolved "https://msazure.pkgs.visualstudio.com/_packaging/AzurePortal/npm/registry/growl/-/growl-1.10.5.tgz#f2735dc2283674fa67478b10181059355c369e5e"
    integrity sha1-8nNdwig2dPpnR4sQGBBZNVw2nl4=
  
  has-flag@^3.0.0:
    version "3.0.0"
    resolved "https://msazure.pkgs.visualstudio.com/_packaging/AzurePortal/npm/registry/has-flag/-/has-flag-3.0.0.tgz#b5d454dc2199ae225699f3467e5a07f3b955bafd"
    integrity sha1-tdRU3CGZriJWmfNGfloH87lVuv0=
  
  has-flag@^4.0.0:
    version "4.0.0"
    resolved "https://msazure.pkgs.visualstudio.com/_packaging/AzurePortal/npm/registry/has-flag/-/has-flag-4.0.0.tgz#944771fd9c81c81265c4d6941860da06bb59479b"
    integrity sha1-lEdx/ZyByBJlxNaUGGDaBrtZR5s=
  
  has-symbols@^1.0.0, has-symbols@^1.0.1:
    version "1.0.1"
    resolved "https://msazure.pkgs.visualstudio.com/_packaging/AzurePortal/npm/registry/has-symbols/-/has-symbols-1.0.1.tgz#9f5214758a44196c406d9bd76cebf81ec2dd31e8"
    integrity sha1-n1IUdYpEGWxAbZvXbOv4HsLdMeg=
  
  has@^1.0.3:
    version "1.0.3"
    resolved "https://msazure.pkgs.visualstudio.com/_packaging/AzurePortal/npm/registry/has/-/has-1.0.3.tgz#722d7cbfc1f6aa8241f16dd814e011e1f41e8796"
    integrity sha1-ci18v8H2qoJB8W3YFOAR4fQeh5Y=
    dependencies:
      function-bind "^1.1.1"
  
  he@1.2.0:
    version "1.2.0"
    resolved "https://msazure.pkgs.visualstudio.com/_packaging/AzurePortal/npm/registry/he/-/he-1.2.0.tgz#84ae65fa7eafb165fddb61566ae14baf05664f0f"
    integrity sha1-hK5l+n6vsWX922FWauFLrwVmTw8=
  
  http-proxy-agent@^2.1.0:
    version "2.1.0"
    resolved "https://msazure.pkgs.visualstudio.com/_packaging/AzurePortal/npm/registry/http-proxy-agent/-/http-proxy-agent-2.1.0.tgz#e4821beef5b2142a2026bd73926fe537631c5405"
    integrity sha1-5IIb7vWyFCogJr1zkm/lN2McVAU=
    dependencies:
      agent-base "4"
      debug "3.1.0"
  
  https-proxy-agent@^2.2.4:
    version "2.2.4"
    resolved "https://msazure.pkgs.visualstudio.com/_packaging/AzurePortal/npm/registry/https-proxy-agent/-/https-proxy-agent-2.2.4.tgz#4ee7a737abd92678a293d9b34a1af4d0d08c787b"
    integrity sha1-TuenN6vZJniik9mzShr00NCMeHs=
    dependencies:
      agent-base "^4.3.0"
      debug "^3.1.0"
  
  iconv-lite@^0.4.24:
    version "0.4.24"
    resolved "https://msazure.pkgs.visualstudio.com/_packaging/AzurePortal/npm/registry/iconv-lite/-/iconv-lite-0.4.24.tgz#2022b4b25fbddc21d2f524974a474aafe733908b"
    integrity sha1-ICK0sl+93CHS9SSXSkdKr+czkIs=
    dependencies:
      safer-buffer ">= 2.1.2 < 3"
  
  ignore@^4.0.6:
    version "4.0.6"
    resolved "https://msazure.pkgs.visualstudio.com/_packaging/AzurePortal/npm/registry/ignore/-/ignore-4.0.6.tgz#750e3db5862087b4737ebac8207ffd1ef27b25fc"
    integrity sha1-dQ49tYYgh7RzfrrIIH/9HvJ7Jfw=
  
  import-fresh@^3.0.0:
    version "3.2.1"
    resolved "https://msazure.pkgs.visualstudio.com/_packaging/AzurePortal/npm/registry/import-fresh/-/import-fresh-3.2.1.tgz#633ff618506e793af5ac91bf48b72677e15cbe66"
    integrity sha1-Yz/2GFBueTr1rJG/SLcmd+FcvmY=
    dependencies:
      parent-module "^1.0.0"
      resolve-from "^4.0.0"
  
  imurmurhash@^0.1.4:
    version "0.1.4"
    resolved "https://msazure.pkgs.visualstudio.com/_packaging/AzurePortal/npm/registry/imurmurhash/-/imurmurhash-0.1.4.tgz#9218b9b2b928a238b13dc4fb6b6d576f231453ea"
    integrity sha1-khi5srkoojixPcT7a21XbyMUU+o=
  
  inflight@^1.0.4:
    version "1.0.6"
    resolved "https://msazure.pkgs.visualstudio.com/_packaging/AzurePortal/npm/registry/inflight/-/inflight-1.0.6.tgz#49bd6331d7d02d0c09bc910a1075ba8165b56df9"
    integrity sha1-Sb1jMdfQLQwJvJEKEHW6gWW1bfk=
    dependencies:
      once "^1.3.0"
      wrappy "1"
  
  inherits@2:
    version "2.0.4"
    resolved "https://msazure.pkgs.visualstudio.com/_packaging/AzurePortal/npm/registry/inherits/-/inherits-2.0.4.tgz#0fa2c64f932917c3433a0ded55363aae37416b7c"
    integrity sha1-D6LGT5MpF8NDOg3tVTY6rjdBa3w=
  
  inquirer@^7.0.0:
    version "7.1.0"
    resolved "https://msazure.pkgs.visualstudio.com/_packaging/AzurePortal/npm/registry/inquirer/-/inquirer-7.1.0.tgz#1298a01859883e17c7264b82870ae1034f92dd29"
    integrity sha1-EpigGFmIPhfHJkuChwrhA0+S3Sk=
    dependencies:
      ansi-escapes "^4.2.1"
      chalk "^3.0.0"
      cli-cursor "^3.1.0"
      cli-width "^2.0.0"
      external-editor "^3.0.3"
      figures "^3.0.0"
      lodash "^4.17.15"
      mute-stream "0.0.8"
      run-async "^2.4.0"
      rxjs "^6.5.3"
      string-width "^4.1.0"
      strip-ansi "^6.0.0"
      through "^2.3.6"
  
  is-binary-path@~2.1.0:
    version "2.1.0"
    resolved "https://msazure.pkgs.visualstudio.com/_packaging/AzurePortal/npm/registry/is-binary-path/-/is-binary-path-2.1.0.tgz#ea1f7f3b80f064236e83470f86c09c254fb45b09"
    integrity sha1-6h9/O4DwZCNug0cPhsCcJU+0Wwk=
    dependencies:
      binary-extensions "^2.0.0"
  
  is-buffer@~2.0.3:
    version "2.0.4"
    resolved "https://msazure.pkgs.visualstudio.com/_packaging/AzurePortal/npm/registry/is-buffer/-/is-buffer-2.0.4.tgz#3e572f23c8411a5cfd9557c849e3665e0b290623"
    integrity sha1-PlcvI8hBGlz9lVfISeNmXgspBiM=
  
  is-callable@^1.1.4, is-callable@^1.1.5:
    version "1.1.5"
    resolved "https://msazure.pkgs.visualstudio.com/_packaging/AzurePortal/npm/registry/is-callable/-/is-callable-1.1.5.tgz#f7e46b596890456db74e7f6e976cb3273d06faab"
    integrity sha1-9+RrWWiQRW23Tn9ul2yzJz0G+qs=
  
  is-date-object@^1.0.1:
    version "1.0.2"
    resolved "https://msazure.pkgs.visualstudio.com/_packaging/AzurePortal/npm/registry/is-date-object/-/is-date-object-1.0.2.tgz#bda736f2cd8fd06d32844e7743bfa7494c3bfd7e"
    integrity sha1-vac28s2P0G0yhE53Q7+nSUw7/X4=
  
  is-extglob@^2.1.1:
    version "2.1.1"
    resolved "https://msazure.pkgs.visualstudio.com/_packaging/AzurePortal/npm/registry/is-extglob/-/is-extglob-2.1.1.tgz#a88c02535791f02ed37c76a1b9ea9773c833f8c2"
    integrity sha1-qIwCU1eR8C7TfHahueqXc8gz+MI=
  
  is-fullwidth-code-point@^2.0.0:
    version "2.0.0"
    resolved "https://msazure.pkgs.visualstudio.com/_packaging/AzurePortal/npm/registry/is-fullwidth-code-point/-/is-fullwidth-code-point-2.0.0.tgz#a3b30a5c4f199183167aaab93beefae3ddfb654f"
    integrity sha1-o7MKXE8ZkYMWeqq5O+764937ZU8=
  
  is-fullwidth-code-point@^3.0.0:
    version "3.0.0"
    resolved "https://msazure.pkgs.visualstudio.com/_packaging/AzurePortal/npm/registry/is-fullwidth-code-point/-/is-fullwidth-code-point-3.0.0.tgz#f116f8064fe90b3f7844a38997c0b75051269f1d"
    integrity sha1-8Rb4Bk/pCz94RKOJl8C3UFEmnx0=
  
  is-glob@^4.0.0, is-glob@^4.0.1, is-glob@~4.0.1:
    version "4.0.1"
    resolved "https://msazure.pkgs.visualstudio.com/_packaging/AzurePortal/npm/registry/is-glob/-/is-glob-4.0.1.tgz#7567dbe9f2f5e2467bc77ab83c4a29482407a5dc"
    integrity sha1-dWfb6fL14kZ7x3q4PEopSCQHpdw=
    dependencies:
      is-extglob "^2.1.1"
  
  is-number@^7.0.0:
    version "7.0.0"
    resolved "https://msazure.pkgs.visualstudio.com/_packaging/AzurePortal/npm/registry/is-number/-/is-number-7.0.0.tgz#7535345b896734d5f80c4d06c50955527a14f12b"
    integrity sha1-dTU0W4lnNNX4DE0GxQlVUnoU8Ss=
  
  is-promise@^2.1.0:
    version "2.1.0"
    resolved "https://msazure.pkgs.visualstudio.com/_packaging/AzurePortal/npm/registry/is-promise/-/is-promise-2.1.0.tgz#79a2a9ece7f096e80f36d2b2f3bc16c1ff4bf3fa"
    integrity sha1-eaKp7OfwlugPNtKy87wWwf9L8/o=
  
  is-regex@^1.0.5:
    version "1.0.5"
    resolved "https://msazure.pkgs.visualstudio.com/_packaging/AzurePortal/npm/registry/is-regex/-/is-regex-1.0.5.tgz#39d589a358bf18967f726967120b8fc1aed74eae"
    integrity sha1-OdWJo1i/GJZ/cmlnEguPwa7XTq4=
    dependencies:
      has "^1.0.3"
  
  is-symbol@^1.0.2:
    version "1.0.3"
    resolved "https://msazure.pkgs.visualstudio.com/_packaging/AzurePortal/npm/registry/is-symbol/-/is-symbol-1.0.3.tgz#38e1014b9e6329be0de9d24a414fd7441ec61937"
    integrity sha1-OOEBS55jKb4N6dJKQU/XRB7GGTc=
    dependencies:
      has-symbols "^1.0.1"
  
  isexe@^2.0.0:
    version "2.0.0"
    resolved "https://msazure.pkgs.visualstudio.com/_packaging/AzurePortal/npm/registry/isexe/-/isexe-2.0.0.tgz#e8fbf374dc556ff8947a10dcb0572d633f2cfa10"
    integrity sha1-6PvzdNxVb/iUehDcsFctYz8s+hA=
  
  js-tokens@^4.0.0:
    version "4.0.0"
    resolved "https://msazure.pkgs.visualstudio.com/_packaging/AzurePortal/npm/registry/js-tokens/-/js-tokens-4.0.0.tgz#19203fb59991df98e3a287050d4647cdeaf32499"
    integrity sha1-GSA/tZmR35jjoocFDUZHzerzJJk=
  
  js-yaml@3.13.1, js-yaml@^3.13.1:
    version "3.13.1"
    resolved "https://msazure.pkgs.visualstudio.com/_packaging/AzurePortal/npm/registry/js-yaml/-/js-yaml-3.13.1.tgz#aff151b30bfdfa8e49e05da22e7415e9dfa37847"
    integrity sha1-r/FRswv9+o5J4F2iLnQV6d+jeEc=
    dependencies:
      argparse "^1.0.7"
      esprima "^4.0.0"
  
  jsesc@^2.5.1:
    version "2.5.2"
    resolved "https://msazure.pkgs.visualstudio.com/_packaging/AzurePortal/npm/registry/jsesc/-/jsesc-2.5.2.tgz#80564d2e483dacf6e8ef209650a67df3f0c283a4"
    integrity sha1-gFZNLkg9rPbo7yCWUKZ98/DCg6Q=
  
  json-schema-traverse@^0.4.1:
    version "0.4.1"
    resolved "https://msazure.pkgs.visualstudio.com/_packaging/AzurePortal/npm/registry/json-schema-traverse/-/json-schema-traverse-0.4.1.tgz#69f6a87d9513ab8bb8fe63bdb0979c448e684660"
    integrity sha1-afaofZUTq4u4/mO9sJecRI5oRmA=
  
  json-stable-stringify-without-jsonify@^1.0.1:
    version "1.0.1"
    resolved "https://msazure.pkgs.visualstudio.com/_packaging/AzurePortal/npm/registry/json-stable-stringify-without-jsonify/-/json-stable-stringify-without-jsonify-1.0.1.tgz#9db7b59496ad3f3cfef30a75142d2d930ad72651"
    integrity sha1-nbe1lJatPzz+8wp1FC0tkwrXJlE=
  
  json5@^2.1.2:
    version "2.1.2"
    resolved "https://msazure.pkgs.visualstudio.com/_packaging/AzurePortal/npm/registry/json5/-/json5-2.1.2.tgz#43ef1f0af9835dd624751a6b7fa48874fb2d608e"
    integrity sha1-Q+8fCvmDXdYkdRprf6SIdPstYI4=
    dependencies:
      minimist "^1.2.5"
  
  levn@^0.3.0, levn@~0.3.0:
    version "0.3.0"
    resolved "https://msazure.pkgs.visualstudio.com/_packaging/AzurePortal/npm/registry/levn/-/levn-0.3.0.tgz#3b09924edf9f083c0490fdd4c0bc4421e04764ee"
    integrity sha1-OwmSTt+fCDwEkP3UwLxEIeBHZO4=
    dependencies:
      prelude-ls "~1.1.2"
      type-check "~0.3.2"
  
  locate-path@^3.0.0:
    version "3.0.0"
    resolved "https://msazure.pkgs.visualstudio.com/_packaging/AzurePortal/npm/registry/locate-path/-/locate-path-3.0.0.tgz#dbec3b3ab759758071b58fe59fc41871af21400e"
    integrity sha1-2+w7OrdZdYBxtY/ln8QYca8hQA4=
    dependencies:
      p-locate "^3.0.0"
      path-exists "^3.0.0"
  
  lodash@^4.17.13, lodash@^4.17.14, lodash@^4.17.15:
    version "4.17.15"
    resolved "https://msazure.pkgs.visualstudio.com/_packaging/AzurePortal/npm/registry/lodash/-/lodash-4.17.15.tgz#b447f6670a0455bbfeedd11392eff330ea097548"
    integrity sha1-tEf2ZwoEVbv+7dETku/zMOoJdUg=
  
  log-symbols@3.0.0:
    version "3.0.0"
    resolved "https://msazure.pkgs.visualstudio.com/_packaging/AzurePortal/npm/registry/log-symbols/-/log-symbols-3.0.0.tgz#f3a08516a5dea893336a7dee14d18a1cfdab77c4"
    integrity sha1-86CFFqXeqJMzan3uFNGKHP2rd8Q=
    dependencies:
      chalk "^2.4.2"
  
  mimic-fn@^2.1.0:
    version "2.1.0"
    resolved "https://msazure.pkgs.visualstudio.com/_packaging/AzurePortal/npm/registry/mimic-fn/-/mimic-fn-2.1.0.tgz#7ed2c2ccccaf84d3ffcb7a69b57711fc2083401b"
    integrity sha1-ftLCzMyvhNP/y3pptXcR/CCDQBs=
  
  minimatch@3.0.4, minimatch@^3.0.4:
    version "3.0.4"
    resolved "https://msazure.pkgs.visualstudio.com/_packaging/AzurePortal/npm/registry/minimatch/-/minimatch-3.0.4.tgz#5166e286457f03306064be5497e8dbb0c3d32083"
    integrity sha1-UWbihkV/AzBgZL5Ul+jbsMPTIIM=
    dependencies:
      brace-expansion "^1.1.7"
  
  minimist@^1.2.5:
    version "1.2.5"
    resolved "https://msazure.pkgs.visualstudio.com/_packaging/AzurePortal/npm/registry/minimist/-/minimist-1.2.5.tgz#67d66014b66a6a8aaa0c083c5fd58df4e4e97602"
    integrity sha1-Z9ZgFLZqaoqqDAg8X9WN9OTpdgI=
  
  mkdirp@0.5.3:
    version "0.5.3"
    resolved "https://msazure.pkgs.visualstudio.com/_packaging/AzurePortal/npm/registry/mkdirp/-/mkdirp-0.5.3.tgz#5a514b7179259287952881e94410ec5465659f8c"
    integrity sha1-WlFLcXklkoeVKIHpRBDsVGVln4w=
    dependencies:
      minimist "^1.2.5"
  
  mkdirp@^0.5.1:
    version "0.5.5"
    resolved "https://msazure.pkgs.visualstudio.com/_packaging/AzurePortal/npm/registry/mkdirp/-/mkdirp-0.5.5.tgz#d91cefd62d1436ca0f41620e251288d420099def"
    integrity sha1-2Rzv1i0UNsoPQWIOJRKI1CAJne8=
    dependencies:
      minimist "^1.2.5"
  
  mocha@^7.0.1:
    version "7.1.1"
    resolved "https://msazure.pkgs.visualstudio.com/_packaging/AzurePortal/npm/registry/mocha/-/mocha-7.1.1.tgz#89fbb30d09429845b1bb893a830bf5771049a441"
    integrity sha1-ifuzDQlCmEWxu4k6gwv1dxBJpEE=
    dependencies:
      ansi-colors "3.2.3"
      browser-stdout "1.3.1"
      chokidar "3.3.0"
      debug "3.2.6"
      diff "3.5.0"
      escape-string-regexp "1.0.5"
      find-up "3.0.0"
      glob "7.1.3"
      growl "1.10.5"
      he "1.2.0"
      js-yaml "3.13.1"
      log-symbols "3.0.0"
      minimatch "3.0.4"
      mkdirp "0.5.3"
      ms "2.1.1"
      node-environment-flags "1.0.6"
      object.assign "4.1.0"
      strip-json-comments "2.0.1"
      supports-color "6.0.0"
      which "1.3.1"
      wide-align "1.1.3"
      yargs "13.3.2"
      yargs-parser "13.1.2"
      yargs-unparser "1.6.0"
  
  ms@2.0.0:
    version "2.0.0"
    resolved "https://msazure.pkgs.visualstudio.com/_packaging/AzurePortal/npm/registry/ms/-/ms-2.0.0.tgz#5608aeadfc00be6c2901df5f9861788de0d597c8"
    integrity sha1-VgiurfwAvmwpAd9fmGF4jeDVl8g=
  
  ms@2.1.1:
    version "2.1.1"
    resolved "https://msazure.pkgs.visualstudio.com/_packaging/AzurePortal/npm/registry/ms/-/ms-2.1.1.tgz#30a5864eb3ebb0a66f2ebe6d727af06a09d86e0a"
    integrity sha1-MKWGTrPrsKZvLr5tcnrwagnYbgo=
  
  ms@^2.1.1:
    version "2.1.2"
    resolved "https://msazure.pkgs.visualstudio.com/_packaging/AzurePortal/npm/registry/ms/-/ms-2.1.2.tgz#d09d1f357b443f493382a8eb3ccd183872ae6009"
    integrity sha1-0J0fNXtEP0kzgqjrPM0YOHKuYAk=
  
  mute-stream@0.0.8:
    version "0.0.8"
    resolved "https://msazure.pkgs.visualstudio.com/_packaging/AzurePortal/npm/registry/mute-stream/-/mute-stream-0.0.8.tgz#1630c42b2251ff81e2a283de96a5497ea92e5e0d"
    integrity sha1-FjDEKyJR/4HiooPelqVJfqkuXg0=
  
  natural-compare@^1.4.0:
    version "1.4.0"
    resolved "https://msazure.pkgs.visualstudio.com/_packaging/AzurePortal/npm/registry/natural-compare/-/natural-compare-1.4.0.tgz#4abebfeed7541f2c27acfb29bdbbd15c8d5ba4f7"
    integrity sha1-Sr6/7tdUHywnrPspvbvRXI1bpPc=
  
  nice-try@^1.0.4:
    version "1.0.5"
    resolved "https://msazure.pkgs.visualstudio.com/_packaging/AzurePortal/npm/registry/nice-try/-/nice-try-1.0.5.tgz#a3378a7696ce7d223e88fc9b764bd7ef1089e366"
    integrity sha1-ozeKdpbOfSI+iPybdkvX7xCJ42Y=
  
  node-environment-flags@1.0.6:
    version "1.0.6"
    resolved "https://msazure.pkgs.visualstudio.com/_packaging/AzurePortal/npm/registry/node-environment-flags/-/node-environment-flags-1.0.6.tgz#a30ac13621f6f7d674260a54dede048c3982c088"
    integrity sha1-owrBNiH299Z0JgpU3t4EjDmCwIg=
    dependencies:
      object.getownpropertydescriptors "^2.0.3"
      semver "^5.7.0"
  
  normalize-path@^3.0.0, normalize-path@~3.0.0:
    version "3.0.0"
    resolved "https://msazure.pkgs.visualstudio.com/_packaging/AzurePortal/npm/registry/normalize-path/-/normalize-path-3.0.0.tgz#0dcd69ff23a1c9b11fd0978316644a0388216a65"
    integrity sha1-Dc1p/yOhybEf0JeDFmRKA4ghamU=
  
  object-inspect@^1.7.0:
    version "1.7.0"
    resolved "https://msazure.pkgs.visualstudio.com/_packaging/AzurePortal/npm/registry/object-inspect/-/object-inspect-1.7.0.tgz#f4f6bd181ad77f006b5ece60bd0b6f398ff74a67"
    integrity sha1-9Pa9GBrXfwBrXs5gvQtvOY/3Smc=
  
  object-keys@^1.0.11, object-keys@^1.0.12, object-keys@^1.1.1:
    version "1.1.1"
    resolved "https://msazure.pkgs.visualstudio.com/_packaging/AzurePortal/npm/registry/object-keys/-/object-keys-1.1.1.tgz#1c47f272df277f3b1daf061677d9c82e2322c60e"
    integrity sha1-HEfyct8nfzsdrwYWd9nILiMixg4=
  
  object.assign@4.1.0, object.assign@^4.1.0:
    version "4.1.0"
    resolved "https://msazure.pkgs.visualstudio.com/_packaging/AzurePortal/npm/registry/object.assign/-/object.assign-4.1.0.tgz#968bf1100d7956bb3ca086f006f846b3bc4008da"
    integrity sha1-lovxEA15Vrs8oIbwBvhGs7xACNo=
    dependencies:
      define-properties "^1.1.2"
      function-bind "^1.1.1"
      has-symbols "^1.0.0"
      object-keys "^1.0.11"
  
  object.getownpropertydescriptors@^2.0.3:
    version "2.1.0"
    resolved "https://msazure.pkgs.visualstudio.com/_packaging/AzurePortal/npm/registry/object.getownpropertydescriptors/-/object.getownpropertydescriptors-2.1.0.tgz#369bf1f9592d8ab89d712dced5cb81c7c5352649"
    integrity sha1-Npvx+VktiridcS3O1cuBx8U1Jkk=
    dependencies:
      define-properties "^1.1.3"
      es-abstract "^1.17.0-next.1"
  
  once@^1.3.0:
    version "1.4.0"
    resolved "https://msazure.pkgs.visualstudio.com/_packaging/AzurePortal/npm/registry/once/-/once-1.4.0.tgz#583b1aa775961d4b113ac17d9c50baef9dd76bd1"
    integrity sha1-WDsap3WWHUsROsF9nFC6753Xa9E=
    dependencies:
      wrappy "1"
  
  onetime@^5.1.0:
    version "5.1.0"
    resolved "https://msazure.pkgs.visualstudio.com/_packaging/AzurePortal/npm/registry/onetime/-/onetime-5.1.0.tgz#fff0f3c91617fe62bb50189636e99ac8a6df7be5"
    integrity sha1-//DzyRYX/mK7UBiWNumayKbfe+U=
    dependencies:
      mimic-fn "^2.1.0"
  
  optionator@^0.8.3:
    version "0.8.3"
    resolved "https://msazure.pkgs.visualstudio.com/_packaging/AzurePortal/npm/registry/optionator/-/optionator-0.8.3.tgz#84fa1d036fe9d3c7e21d99884b601167ec8fb495"
    integrity sha1-hPodA2/p08fiHZmIS2ARZ+yPtJU=
    dependencies:
      deep-is "~0.1.3"
      fast-levenshtein "~2.0.6"
      levn "~0.3.0"
      prelude-ls "~1.1.2"
      type-check "~0.3.2"
      word-wrap "~1.2.3"
  
  os-tmpdir@~1.0.2:
    version "1.0.2"
    resolved "https://msazure.pkgs.visualstudio.com/_packaging/AzurePortal/npm/registry/os-tmpdir/-/os-tmpdir-1.0.2.tgz#bbe67406c79aa85c5cfec766fe5734555dfa1274"
    integrity sha1-u+Z0BseaqFxc/sdm/lc0VV36EnQ=
  
  p-limit@^2.0.0:
    version "2.3.0"
    resolved "https://msazure.pkgs.visualstudio.com/_packaging/AzurePortal/npm/registry/p-limit/-/p-limit-2.3.0.tgz#3dd33c647a214fdfffd835933eb086da0dc21db1"
    integrity sha1-PdM8ZHohT9//2DWTPrCG2g3CHbE=
    dependencies:
      p-try "^2.0.0"
  
  p-locate@^3.0.0:
    version "3.0.0"
    resolved "https://msazure.pkgs.visualstudio.com/_packaging/AzurePortal/npm/registry/p-locate/-/p-locate-3.0.0.tgz#322d69a05c0264b25997d9f40cd8a891ab0064a4"
    integrity sha1-Mi1poFwCZLJZl9n0DNiokasAZKQ=
    dependencies:
      p-limit "^2.0.0"
  
  p-try@^2.0.0:
    version "2.2.0"
    resolved "https://msazure.pkgs.visualstudio.com/_packaging/AzurePortal/npm/registry/p-try/-/p-try-2.2.0.tgz#cb2868540e313d61de58fafbe35ce9004d5540e6"
    integrity sha1-yyhoVA4xPWHeWPr741zpAE1VQOY=
  
  parent-module@^1.0.0:
    version "1.0.1"
    resolved "https://msazure.pkgs.visualstudio.com/_packaging/AzurePortal/npm/registry/parent-module/-/parent-module-1.0.1.tgz#691d2709e78c79fae3a156622452d00762caaaa2"
    integrity sha1-aR0nCeeMefrjoVZiJFLQB2LKqqI=
    dependencies:
      callsites "^3.0.0"
  
  path-exists@^3.0.0:
    version "3.0.0"
    resolved "https://msazure.pkgs.visualstudio.com/_packaging/AzurePortal/npm/registry/path-exists/-/path-exists-3.0.0.tgz#ce0ebeaa5f78cb18925ea7d810d7b59b010fd515"
    integrity sha1-zg6+ql94yxiSXqfYENe1mwEP1RU=
  
  path-is-absolute@^1.0.0:
    version "1.0.1"
    resolved "https://msazure.pkgs.visualstudio.com/_packaging/AzurePortal/npm/registry/path-is-absolute/-/path-is-absolute-1.0.1.tgz#174b9268735534ffbc7ace6bf53a5a9e1b5c5f5f"
    integrity sha1-F0uSaHNVNP+8es5r9TpanhtcX18=
  
  path-key@^2.0.1:
    version "2.0.1"
    resolved "https://msazure.pkgs.visualstudio.com/_packaging/AzurePortal/npm/registry/path-key/-/path-key-2.0.1.tgz#411cadb574c5a140d3a4b1910d40d80cc9f40b40"
    integrity sha1-QRyttXTFoUDTpLGRDUDYDMn0C0A=
  
  path-parse@^1.0.6:
    version "1.0.6"
    resolved "https://msazure.pkgs.visualstudio.com/_packaging/AzurePortal/npm/registry/path-parse/-/path-parse-1.0.6.tgz#d62dbb5679405d72c4737ec58600e9ddcf06d24c"
    integrity sha1-1i27VnlAXXLEc37FhgDp3c8G0kw=
  
  picomatch@^2.0.4:
    version "2.2.2"
    resolved "https://msazure.pkgs.visualstudio.com/_packaging/AzurePortal/npm/registry/picomatch/-/picomatch-2.2.2.tgz#21f333e9b6b8eaff02468f5146ea406d345f4dad"
    integrity sha1-IfMz6ba46v8CRo9RRupAbTRfTa0=
  
  prelude-ls@~1.1.2:
    version "1.1.2"
    resolved "https://msazure.pkgs.visualstudio.com/_packaging/AzurePortal/npm/registry/prelude-ls/-/prelude-ls-1.1.2.tgz#21932a549f5e52ffd9a827f570e04be62a97da54"
    integrity sha1-IZMqVJ9eUv/ZqCf1cOBL5iqX2lQ=
  
  progress@^2.0.0:
    version "2.0.3"
    resolved "https://msazure.pkgs.visualstudio.com/_packaging/AzurePortal/npm/registry/progress/-/progress-2.0.3.tgz#7e8cf8d8f5b8f239c1bc68beb4eb78567d572ef8"
    integrity sha1-foz42PW48jnBvGi+tOt4Vn1XLvg=
  
  punycode@^2.1.0:
    version "2.1.1"
    resolved "https://msazure.pkgs.visualstudio.com/_packaging/AzurePortal/npm/registry/punycode/-/punycode-2.1.1.tgz#b58b010ac40c22c5657616c8d2c2c02c7bf479ec"
    integrity sha1-tYsBCsQMIsVldhbI0sLALHv0eew=
  
  readdirp@~3.2.0:
    version "3.2.0"
    resolved "https://msazure.pkgs.visualstudio.com/_packaging/AzurePortal/npm/registry/readdirp/-/readdirp-3.2.0.tgz#c30c33352b12c96dfb4b895421a49fd5a9593839"
    integrity sha1-wwwzNSsSyW37S4lUIaSf1alZODk=
    dependencies:
      picomatch "^2.0.4"
  
  regexpp@^2.0.1:
    version "2.0.1"
    resolved "https://msazure.pkgs.visualstudio.com/_packaging/AzurePortal/npm/registry/regexpp/-/regexpp-2.0.1.tgz#8d19d31cf632482b589049f8281f93dbcba4d07f"
    integrity sha1-jRnTHPYySCtYkEn4KB+T28uk0H8=
  
  regexpp@^3.0.0:
    version "3.1.0"
    resolved "https://msazure.pkgs.visualstudio.com/_packaging/AzurePortal/npm/registry/regexpp/-/regexpp-3.1.0.tgz#206d0ad0a5648cffbdb8ae46438f3dc51c9f78e2"
    integrity sha1-IG0K0KVkjP+9uK5GQ489xRyfeOI=
  
  require-directory@^2.1.1:
    version "2.1.1"
    resolved "https://msazure.pkgs.visualstudio.com/_packaging/AzurePortal/npm/registry/require-directory/-/require-directory-2.1.1.tgz#8c64ad5fd30dab1c976e2344ffe7f792a6a6df42"
    integrity sha1-jGStX9MNqxyXbiNE/+f3kqam30I=
  
  require-main-filename@^2.0.0:
    version "2.0.0"
    resolved "https://msazure.pkgs.visualstudio.com/_packaging/AzurePortal/npm/registry/require-main-filename/-/require-main-filename-2.0.0.tgz#d0b329ecc7cc0f61649f62215be69af54aa8989b"
    integrity sha1-0LMp7MfMD2Fkn2IhW+aa9UqomJs=
  
  resolve-from@^4.0.0:
    version "4.0.0"
    resolved "https://msazure.pkgs.visualstudio.com/_packaging/AzurePortal/npm/registry/resolve-from/-/resolve-from-4.0.0.tgz#4abcd852ad32dd7baabfe9b40e00a36db5f392e6"
    integrity sha1-SrzYUq0y3Xuqv+m0DgCjbbXzkuY=
  
  resolve@^1.3.2:
    version "1.16.1"
    resolved "https://msazure.pkgs.visualstudio.com/_packaging/AzurePortal/npm/registry/resolve/-/resolve-1.16.1.tgz#49fac5d8bacf1fd53f200fa51247ae736175832c"
    integrity sha1-SfrF2LrPH9U/IA+lEkeuc2F1gyw=
    dependencies:
      path-parse "^1.0.6"
  
  restore-cursor@^3.1.0:
    version "3.1.0"
    resolved "https://msazure.pkgs.visualstudio.com/_packaging/AzurePortal/npm/registry/restore-cursor/-/restore-cursor-3.1.0.tgz#39f67c54b3a7a58cea5236d95cf0034239631f7e"
    integrity sha1-OfZ8VLOnpYzqUjbZXPADQjljH34=
    dependencies:
      onetime "^5.1.0"
      signal-exit "^3.0.2"
  
  rimraf@2.6.3:
    version "2.6.3"
    resolved "https://msazure.pkgs.visualstudio.com/_packaging/AzurePortal/npm/registry/rimraf/-/rimraf-2.6.3.tgz#b2d104fe0d8fb27cf9e0a1cda8262dd3833c6cab"
    integrity sha1-stEE/g2Psnz54KHNqCYt04M8bKs=
    dependencies:
      glob "^7.1.3"
  
  rimraf@^2.6.3:
    version "2.7.1"
    resolved "https://msazure.pkgs.visualstudio.com/_packaging/AzurePortal/npm/registry/rimraf/-/rimraf-2.7.1.tgz#35797f13a7fdadc566142c29d4f07ccad483e3ec"
    integrity sha1-NXl/E6f9rcVmFCwp1PB8ytSD4+w=
    dependencies:
      glob "^7.1.3"
  
  run-async@^2.4.0:
    version "2.4.0"
    resolved "https://msazure.pkgs.visualstudio.com/_packaging/AzurePortal/npm/registry/run-async/-/run-async-2.4.0.tgz#e59054a5b86876cfae07f431d18cbaddc594f1e8"
    integrity sha1-5ZBUpbhods+uB/Qx0Yy63cWU8eg=
    dependencies:
      is-promise "^2.1.0"
  
  rxjs@^6.5.3:
    version "6.5.5"
    resolved "https://msazure.pkgs.visualstudio.com/_packaging/AzurePortal/npm/registry/rxjs/-/rxjs-6.5.5.tgz#c5c884e3094c8cfee31bf27eb87e54ccfc87f9ec"
    integrity sha1-xciE4wlMjP7jG/J+uH5UzPyH+ew=
    dependencies:
      tslib "^1.9.0"
  
  safe-buffer@~5.1.1:
    version "5.1.2"
    resolved "https://msazure.pkgs.visualstudio.com/_packaging/AzurePortal/npm/registry/safe-buffer/-/safe-buffer-5.1.2.tgz#991ec69d296e0313747d59bdfd2b745c35f8828d"
    integrity sha1-mR7GnSluAxN0fVm9/St0XDX4go0=
  
  "safer-buffer@>= 2.1.2 < 3":
    version "2.1.2"
    resolved "https://msazure.pkgs.visualstudio.com/_packaging/AzurePortal/npm/registry/safer-buffer/-/safer-buffer-2.1.2.tgz#44fa161b0187b9549dd84bb91802f9bd8385cd6a"
    integrity sha1-RPoWGwGHuVSd2Eu5GAL5vYOFzWo=
  
  semver@^5.4.1, semver@^5.5.0, semver@^5.7.0:
    version "5.7.1"
    resolved "https://msazure.pkgs.visualstudio.com/_packaging/AzurePortal/npm/registry/semver/-/semver-5.7.1.tgz#a954f931aeba508d307bbf069eff0c01c96116f7"
    integrity sha1-qVT5Ma66UI0we78Gnv8MAclhFvc=
  
  semver@^6.1.2, semver@^6.3.0:
    version "6.3.0"
    resolved "https://msazure.pkgs.visualstudio.com/_packaging/AzurePortal/npm/registry/semver/-/semver-6.3.0.tgz#ee0a64c8af5e8ceea67687b133761e1becbd1d3d"
    integrity sha1-7gpkyK9ejO6mdoexM3YeG+y9HT0=
  
  set-blocking@^2.0.0:
    version "2.0.0"
    resolved "https://msazure.pkgs.visualstudio.com/_packaging/AzurePortal/npm/registry/set-blocking/-/set-blocking-2.0.0.tgz#045f9782d011ae9a6803ddd382b24392b3d890f7"
    integrity sha1-BF+XgtARrppoA93TgrJDkrPYkPc=
  
  shebang-command@^1.2.0:
    version "1.2.0"
    resolved "https://msazure.pkgs.visualstudio.com/_packaging/AzurePortal/npm/registry/shebang-command/-/shebang-command-1.2.0.tgz#44aac65b695b03398968c39f363fee5deafdf1ea"
    integrity sha1-RKrGW2lbAzmJaMOfNj/uXer98eo=
    dependencies:
      shebang-regex "^1.0.0"
  
  shebang-regex@^1.0.0:
    version "1.0.0"
    resolved "https://msazure.pkgs.visualstudio.com/_packaging/AzurePortal/npm/registry/shebang-regex/-/shebang-regex-1.0.0.tgz#da42f49740c0b42db2ca9728571cb190c98efea3"
    integrity sha1-2kL0l0DAtC2yypcoVxyxkMmO/qM=
  
  signal-exit@^3.0.2:
    version "3.0.3"
    resolved "https://msazure.pkgs.visualstudio.com/_packaging/AzurePortal/npm/registry/signal-exit/-/signal-exit-3.0.3.tgz#a1410c2edd8f077b08b4e253c8eacfcaf057461c"
    integrity sha1-oUEMLt2PB3sItOJTyOrPyvBXRhw=
  
  slice-ansi@^2.1.0:
    version "2.1.0"
    resolved "https://msazure.pkgs.visualstudio.com/_packaging/AzurePortal/npm/registry/slice-ansi/-/slice-ansi-2.1.0.tgz#cacd7693461a637a5788d92a7dd4fba068e81636"
    integrity sha1-ys12k0YaY3pXiNkqfdT7oGjoFjY=
    dependencies:
      ansi-styles "^3.2.0"
      astral-regex "^1.0.0"
      is-fullwidth-code-point "^2.0.0"
  
  source-map@^0.5.0:
    version "0.5.7"
    resolved "https://msazure.pkgs.visualstudio.com/_packaging/AzurePortal/npm/registry/source-map/-/source-map-0.5.7.tgz#8a039d2d1021d22d1ea14c80d8ea468ba2ef3fcc"
    integrity sha1-igOdLRAh0i0eoUyA2OpGi6LvP8w=
  
  sprintf-js@~1.0.2:
    version "1.0.3"
    resolved "https://msazure.pkgs.visualstudio.com/_packaging/AzurePortal/npm/registry/sprintf-js/-/sprintf-js-1.0.3.tgz#04e6926f662895354f3dd015203633b857297e2c"
    integrity sha1-BOaSb2YolTVPPdAVIDYzuFcpfiw=
  
  "string-width@^1.0.2 || 2":
    version "2.1.1"
    resolved "https://msazure.pkgs.visualstudio.com/_packaging/AzurePortal/npm/registry/string-width/-/string-width-2.1.1.tgz#ab93f27a8dc13d28cac815c462143a6d9012ae9e"
    integrity sha1-q5Pyeo3BPSjKyBXEYhQ6bZASrp4=
    dependencies:
      is-fullwidth-code-point "^2.0.0"
      strip-ansi "^4.0.0"
  
  string-width@^3.0.0, string-width@^3.1.0:
    version "3.1.0"
    resolved "https://msazure.pkgs.visualstudio.com/_packaging/AzurePortal/npm/registry/string-width/-/string-width-3.1.0.tgz#22767be21b62af1081574306f69ac51b62203961"
    integrity sha1-InZ74htirxCBV0MG9prFG2IgOWE=
    dependencies:
      emoji-regex "^7.0.1"
      is-fullwidth-code-point "^2.0.0"
      strip-ansi "^5.1.0"
  
  string-width@^4.1.0:
    version "4.2.0"
    resolved "https://msazure.pkgs.visualstudio.com/_packaging/AzurePortal/npm/registry/string-width/-/string-width-4.2.0.tgz#952182c46cc7b2c313d1596e623992bd163b72b5"
    integrity sha1-lSGCxGzHssMT0VluYjmSvRY7crU=
    dependencies:
      emoji-regex "^8.0.0"
      is-fullwidth-code-point "^3.0.0"
      strip-ansi "^6.0.0"
  
  string.prototype.trimend@^1.0.0:
    version "1.0.1"
    resolved "https://msazure.pkgs.visualstudio.com/_packaging/AzurePortal/npm/registry/string.prototype.trimend/-/string.prototype.trimend-1.0.1.tgz#85812a6b847ac002270f5808146064c995fb6913"
    integrity sha1-hYEqa4R6wAInD1gIFGBkyZX7aRM=
    dependencies:
      define-properties "^1.1.3"
      es-abstract "^1.17.5"
  
  string.prototype.trimleft@^2.1.1:
    version "2.1.2"
    resolved "https://msazure.pkgs.visualstudio.com/_packaging/AzurePortal/npm/registry/string.prototype.trimleft/-/string.prototype.trimleft-2.1.2.tgz#4408aa2e5d6ddd0c9a80739b087fbc067c03b3cc"
    integrity sha1-RAiqLl1t3QyagHObCH+8BnwDs8w=
    dependencies:
      define-properties "^1.1.3"
      es-abstract "^1.17.5"
      string.prototype.trimstart "^1.0.0"
  
  string.prototype.trimright@^2.1.1:
    version "2.1.2"
    resolved "https://msazure.pkgs.visualstudio.com/_packaging/AzurePortal/npm/registry/string.prototype.trimright/-/string.prototype.trimright-2.1.2.tgz#c76f1cef30f21bbad8afeb8db1511496cfb0f2a3"
    integrity sha1-x28c7zDyG7rYr+uNsVEUls+w8qM=
    dependencies:
      define-properties "^1.1.3"
      es-abstract "^1.17.5"
      string.prototype.trimend "^1.0.0"
  
  string.prototype.trimstart@^1.0.0:
    version "1.0.1"
    resolved "https://msazure.pkgs.visualstudio.com/_packaging/AzurePortal/npm/registry/string.prototype.trimstart/-/string.prototype.trimstart-1.0.1.tgz#14af6d9f34b053f7cfc89b72f8f2ee14b9039a54"
    integrity sha1-FK9tnzSwU/fPyJty+PLuFLkDmlQ=
    dependencies:
      define-properties "^1.1.3"
      es-abstract "^1.17.5"
  
  strip-ansi@^4.0.0:
    version "4.0.0"
    resolved "https://msazure.pkgs.visualstudio.com/_packaging/AzurePortal/npm/registry/strip-ansi/-/strip-ansi-4.0.0.tgz#a8479022eb1ac368a871389b635262c505ee368f"
    integrity sha1-qEeQIusaw2iocTibY1JixQXuNo8=
    dependencies:
      ansi-regex "^3.0.0"
  
  strip-ansi@^5.0.0, strip-ansi@^5.1.0, strip-ansi@^5.2.0:
    version "5.2.0"
    resolved "https://msazure.pkgs.visualstudio.com/_packaging/AzurePortal/npm/registry/strip-ansi/-/strip-ansi-5.2.0.tgz#8c9a536feb6afc962bdfa5b104a5091c1ad9c0ae"
    integrity sha1-jJpTb+tq/JYr36WxBKUJHBrZwK4=
    dependencies:
      ansi-regex "^4.1.0"
  
  strip-ansi@^6.0.0:
    version "6.0.0"
    resolved "https://msazure.pkgs.visualstudio.com/_packaging/AzurePortal/npm/registry/strip-ansi/-/strip-ansi-6.0.0.tgz#0b1571dd7669ccd4f3e06e14ef1eed26225ae532"
    integrity sha1-CxVx3XZpzNTz4G4U7x7tJiJa5TI=
    dependencies:
      ansi-regex "^5.0.0"
  
  strip-json-comments@2.0.1:
    version "2.0.1"
    resolved "https://msazure.pkgs.visualstudio.com/_packaging/AzurePortal/npm/registry/strip-json-comments/-/strip-json-comments-2.0.1.tgz#3c531942e908c2697c0ec344858c286c7ca0a60a"
    integrity sha1-PFMZQukIwml8DsNEhYwobHygpgo=
  
  strip-json-comments@^3.0.1:
    version "3.1.0"
    resolved "https://msazure.pkgs.visualstudio.com/_packaging/AzurePortal/npm/registry/strip-json-comments/-/strip-json-comments-3.1.0.tgz#7638d31422129ecf4457440009fba03f9f9ac180"
    integrity sha1-djjTFCISns9EV0QACfugP5+awYA=
  
  supports-color@6.0.0:
    version "6.0.0"
    resolved "https://msazure.pkgs.visualstudio.com/_packaging/AzurePortal/npm/registry/supports-color/-/supports-color-6.0.0.tgz#76cfe742cf1f41bb9b1c29ad03068c05b4c0e40a"
    integrity sha1-ds/nQs8fQbubHCmtAwaMBbTA5Ao=
    dependencies:
      has-flag "^3.0.0"
  
  supports-color@^5.3.0:
    version "5.5.0"
    resolved "https://msazure.pkgs.visualstudio.com/_packaging/AzurePortal/npm/registry/supports-color/-/supports-color-5.5.0.tgz#e2e69a44ac8772f78a1ec0b35b689df6530efc8f"
    integrity sha1-4uaaRKyHcveKHsCzW2id9lMO/I8=
    dependencies:
      has-flag "^3.0.0"
  
  supports-color@^7.1.0:
    version "7.1.0"
    resolved "https://msazure.pkgs.visualstudio.com/_packaging/AzurePortal/npm/registry/supports-color/-/supports-color-7.1.0.tgz#68e32591df73e25ad1c4b49108a2ec507962bfd1"
    integrity sha1-aOMlkd9z4lrRxLSRCKLsUHliv9E=
    dependencies:
      has-flag "^4.0.0"
  
  table@^5.2.3:
    version "5.4.6"
    resolved "https://msazure.pkgs.visualstudio.com/_packaging/AzurePortal/npm/registry/table/-/table-5.4.6.tgz#1292d19500ce3f86053b05f0e8e7e4a3bb21079e"
    integrity sha1-EpLRlQDOP4YFOwXw6Ofko7shB54=
    dependencies:
      ajv "^6.10.2"
      lodash "^4.17.14"
      slice-ansi "^2.1.0"
      string-width "^3.0.0"
  
  text-table@^0.2.0:
    version "0.2.0"
    resolved "https://msazure.pkgs.visualstudio.com/_packaging/AzurePortal/npm/registry/text-table/-/text-table-0.2.0.tgz#7f5ee823ae805207c00af2df4a84ec3fcfa570b4"
    integrity sha1-f17oI66AUgfACvLfSoTsP8+lcLQ=
  
  through@^2.3.6:
    version "2.3.8"
    resolved "https://msazure.pkgs.visualstudio.com/_packaging/AzurePortal/npm/registry/through/-/through-2.3.8.tgz#0dd4c9ffaabc357960b1b724115d7e0e86a2e1f5"
    integrity sha1-DdTJ/6q8NXlgsbckEV1+Doai4fU=
  
  tmp@^0.0.33:
    version "0.0.33"
    resolved "https://msazure.pkgs.visualstudio.com/_packaging/AzurePortal/npm/registry/tmp/-/tmp-0.0.33.tgz#6d34335889768d21b2bcda0aa277ced3b1bfadf9"
    integrity sha1-bTQzWIl2jSGyvNoKonfO07G/rfk=
    dependencies:
      os-tmpdir "~1.0.2"
  
  to-fast-properties@^2.0.0:
    version "2.0.0"
    resolved "https://msazure.pkgs.visualstudio.com/_packaging/AzurePortal/npm/registry/to-fast-properties/-/to-fast-properties-2.0.0.tgz#dc5e698cbd079265bc73e0377681a4e4e83f616e"
    integrity sha1-3F5pjL0HkmW8c+A3doGk5Og/YW4=
  
  to-regex-range@^5.0.1:
    version "5.0.1"
    resolved "https://msazure.pkgs.visualstudio.com/_packaging/AzurePortal/npm/registry/to-regex-range/-/to-regex-range-5.0.1.tgz#1648c44aae7c8d988a326018ed72f5b4dd0392e4"
    integrity sha1-FkjESq58jZiKMmAY7XL1tN0DkuQ=
    dependencies:
      is-number "^7.0.0"
  
  tslib@^1.8.1, tslib@^1.9.0:
    version "1.11.1"
    resolved "https://msazure.pkgs.visualstudio.com/_packaging/AzurePortal/npm/registry/tslib/-/tslib-1.11.1.tgz#eb15d128827fbee2841549e171f45ed338ac7e35"
    integrity sha1-6xXRKIJ/vuKEFUnhcfRe0zisfjU=
  
  tsutils@^3.17.1:
    version "3.17.1"
    resolved "https://msazure.pkgs.visualstudio.com/_packaging/AzurePortal/npm/registry/tsutils/-/tsutils-3.17.1.tgz#ed719917f11ca0dee586272b2ac49e015a2dd759"
    integrity sha1-7XGZF/EcoN7lhicrKsSeAVot11k=
    dependencies:
      tslib "^1.8.1"
  
  type-check@~0.3.2:
    version "0.3.2"
    resolved "https://msazure.pkgs.visualstudio.com/_packaging/AzurePortal/npm/registry/type-check/-/type-check-0.3.2.tgz#5884cab512cf1d355e3fb784f30804b2b520db72"
    integrity sha1-WITKtRLPHTVeP7eE8wgEsrUg23I=
    dependencies:
      prelude-ls "~1.1.2"
  
  type-fest@^0.11.0:
    version "0.11.0"
    resolved "https://msazure.pkgs.visualstudio.com/_packaging/AzurePortal/npm/registry/type-fest/-/type-fest-0.11.0.tgz#97abf0872310fed88a5c466b25681576145e33f1"
    integrity sha1-l6vwhyMQ/tiKXEZrJWgVdhReM/E=
  
  type-fest@^0.8.1:
    version "0.8.1"
    resolved "https://msazure.pkgs.visualstudio.com/_packaging/AzurePortal/npm/registry/type-fest/-/type-fest-0.8.1.tgz#09e249ebde851d3b1e48d27c105444667f17b83d"
    integrity sha1-CeJJ696FHTseSNJ8EFREZn8XuD0=
  
  typescript@^3.7.5:
    version "3.8.3"
    resolved "https://msazure.pkgs.visualstudio.com/_packaging/AzurePortal/npm/registry/typescript/-/typescript-3.8.3.tgz#409eb8544ea0335711205869ec458ab109ee1061"
    integrity sha1-QJ64VE6gM1cRIFhp7EWKsQnuEGE=
  
  uri-js@^4.2.2:
    version "4.2.2"
    resolved "https://msazure.pkgs.visualstudio.com/_packaging/AzurePortal/npm/registry/uri-js/-/uri-js-4.2.2.tgz#94c540e1ff772956e2299507c010aea6c8838eb0"
    integrity sha1-lMVA4f93KVbiKZUHwBCupsiDjrA=
    dependencies:
      punycode "^2.1.0"
  
  v8-compile-cache@^2.0.3:
    version "2.1.0"
    resolved "https://msazure.pkgs.visualstudio.com/_packaging/AzurePortal/npm/registry/v8-compile-cache/-/v8-compile-cache-2.1.0.tgz#e14de37b31a6d194f5690d67efc4e7f6fc6ab30e"
    integrity sha1-4U3jezGm0ZT1aQ1n78Tn9vxqsw4=
  
  vscode-test@^1.3.0:
    version "1.3.0"
    resolved "https://msazure.pkgs.visualstudio.com/_packaging/AzurePortal/npm/registry/vscode-test/-/vscode-test-1.3.0.tgz#3310ab385d9b887b4c82e8f52be1030e7cf9493d"
    integrity sha1-MxCrOF2biHtMguj1K+EDDnz5ST0=
    dependencies:
      http-proxy-agent "^2.1.0"
      https-proxy-agent "^2.2.4"
      rimraf "^2.6.3"
  
  which-module@^2.0.0:
    version "2.0.0"
    resolved "https://msazure.pkgs.visualstudio.com/_packaging/AzurePortal/npm/registry/which-module/-/which-module-2.0.0.tgz#d9ef07dce77b9902b8a3a8fa4b31c3e3f7e6e87a"
    integrity sha1-2e8H3Od7mQK4o6j6SzHD4/fm6Ho=
  
  which@1.3.1, which@^1.2.9:
    version "1.3.1"
    resolved "https://msazure.pkgs.visualstudio.com/_packaging/AzurePortal/npm/registry/which/-/which-1.3.1.tgz#a45043d54f5805316da8d62f9f50918d3da70b0a"
    integrity sha1-pFBD1U9YBTFtqNYvn1CRjT2nCwo=
    dependencies:
      isexe "^2.0.0"
  
  wide-align@1.1.3:
    version "1.1.3"
    resolved "https://msazure.pkgs.visualstudio.com/_packaging/AzurePortal/npm/registry/wide-align/-/wide-align-1.1.3.tgz#ae074e6bdc0c14a431e804e624549c633b000457"
    integrity sha1-rgdOa9wMFKQx6ATmJFScYzsABFc=
    dependencies:
      string-width "^1.0.2 || 2"
  
  word-wrap@~1.2.3:
    version "1.2.3"
    resolved "https://msazure.pkgs.visualstudio.com/_packaging/AzurePortal/npm/registry/word-wrap/-/word-wrap-1.2.3.tgz#610636f6b1f703891bd34771ccb17fb93b47079c"
    integrity sha1-YQY29rH3A4kb00dxzLF/uTtHB5w=
  
  wrap-ansi@^5.1.0:
    version "5.1.0"
    resolved "https://msazure.pkgs.visualstudio.com/_packaging/AzurePortal/npm/registry/wrap-ansi/-/wrap-ansi-5.1.0.tgz#1fd1f67235d5b6d0fee781056001bfb694c03b09"
    integrity sha1-H9H2cjXVttD+54EFYAG/tpTAOwk=
    dependencies:
      ansi-styles "^3.2.0"
      string-width "^3.0.0"
      strip-ansi "^5.0.0"
  
  wrappy@1:
    version "1.0.2"
    resolved "https://msazure.pkgs.visualstudio.com/_packaging/AzurePortal/npm/registry/wrappy/-/wrappy-1.0.2.tgz#b5243d8f3ec1aa35f1364605bc0d1036e30ab69f"
    integrity sha1-tSQ9jz7BqjXxNkYFvA0QNuMKtp8=
  
  write@1.0.3:
    version "1.0.3"
    resolved "https://msazure.pkgs.visualstudio.com/_packaging/AzurePortal/npm/registry/write/-/write-1.0.3.tgz#0800e14523b923a387e415123c865616aae0f5c3"
    integrity sha1-CADhRSO5I6OH5BUSPIZWFqrg9cM=
    dependencies:
      mkdirp "^0.5.1"
  
  y18n@^4.0.0:
    version "4.0.0"
    resolved "https://msazure.pkgs.visualstudio.com/_packaging/AzurePortal/npm/registry/y18n/-/y18n-4.0.0.tgz#95ef94f85ecc81d007c264e190a120f0a3c8566b"
    integrity sha1-le+U+F7MgdAHwmThkKEg8KPIVms=
  
  yargs-parser@13.1.2, yargs-parser@^13.1.2:
    version "13.1.2"
    resolved "https://msazure.pkgs.visualstudio.com/_packaging/AzurePortal/npm/registry/yargs-parser/-/yargs-parser-13.1.2.tgz#130f09702ebaeef2650d54ce6e3e5706f7a4fb38"
    integrity sha1-Ew8JcC667vJlDVTObj5XBvek+zg=
    dependencies:
      camelcase "^5.0.0"
      decamelize "^1.2.0"
  
  yargs-unparser@1.6.0:
    version "1.6.0"
    resolved "https://msazure.pkgs.visualstudio.com/_packaging/AzurePortal/npm/registry/yargs-unparser/-/yargs-unparser-1.6.0.tgz#ef25c2c769ff6bd09e4b0f9d7c605fb27846ea9f"
    integrity sha1-7yXCx2n/a9CeSw+dfGBfsnhG6p8=
    dependencies:
      flat "^4.1.0"
      lodash "^4.17.15"
      yargs "^13.3.0"
  
  yargs@13.3.2, yargs@^13.3.0:
    version "13.3.2"
    resolved "https://msazure.pkgs.visualstudio.com/_packaging/AzurePortal/npm/registry/yargs/-/yargs-13.3.2.tgz#ad7ffefec1aa59565ac915f82dccb38a9c31a2dd"
    integrity sha1-rX/+/sGqWVZayRX4Lcyzipwxot0=
    dependencies:
      cliui "^5.0.0"
      find-up "^3.0.0"
      get-caller-file "^2.0.1"
      require-directory "^2.1.1"
      require-main-filename "^2.0.0"
      set-blocking "^2.0.0"
      string-width "^3.0.0"
      which-module "^2.0.0"
      y18n "^4.0.0"
      yargs-parser "^13.1.2"
